Log file open, 04/29/23 10:54:54
LogWindows: Failed to load 'aqProf.dll' (GetLastError=126)
LogWindows: File 'aqProf.dll' does not exist
LogWindows: Failed to load 'VtuneApi.dll' (GetLastError=126)
LogWindows: File 'VtuneApi.dll' does not exist
LogWindows: Failed to load 'VtuneApi32e.dll' (GetLastError=126)
LogWindows: File 'VtuneApi32e.dll' does not exist
LogConsoleResponse: Display: Failed to find resolution value strings in scalability ini. Falling back to default.
LogConsoleResponse: Display: Failed to find resolution value strings in scalability ini. Falling back to default.
LogInit: Display: Running engine for game: EmiliaNatkaniec_2
LogPlatformFile: Not using cached read wrapper
LogTaskGraph: Started task graph with 5 named threads and 47 total threads with 3 sets of task threads.
LogStats: Stats thread started at 0.243389
LogICUInternationalization: ICU TimeZone Detection - Raw Offset: +1:00, Platform Override: ''
LogInit: Display: Loading text-based GConfig....
LogPluginManager: Mounting plugin MeshPainting
LogPluginManager: Mounting plugin XGEController
LogPluginManager: Mounting plugin Paper2D
LogPluginManager: Mounting plugin AISupport
LogPluginManager: Mounting plugin LiveLink
LogPluginManager: Mounting plugin EnvironmentQueryEditor
LogPluginManager: Mounting plugin CameraShakePreviewer
LogPluginManager: Mounting plugin GameplayCameras
LogPluginManager: Mounting plugin LightPropagationVolume
LogPluginManager: Mounting plugin OodleNetwork
LogPluginManager: Mounting plugin AnimationSharing
LogPluginManager: Mounting plugin CLionSourceCodeAccess
LogPluginManager: Mounting plugin CodeLiteSourceCodeAccess
LogPluginManager: Mounting plugin KDevelopSourceCodeAccess
LogPluginManager: Mounting plugin GitSourceControl
LogPluginManager: Mounting plugin PerforceSourceControl
LogPluginManager: Mounting plugin OodleData
LogPluginManager: Mounting plugin PixWinPlugin
LogPluginManager: Mounting plugin PlasticSourceControl
LogPluginManager: Mounting plugin PropertyAccessNode
LogPluginManager: Mounting plugin PluginUtils
LogPluginManager: Mounting plugin SubversionSourceControl
LogPluginManager: Mounting plugin RiderSourceCodeAccess
LogPluginManager: Mounting plugin TextureFormatOodle
LogPluginManager: Mounting plugin VisualStudioSourceCodeAccess
LogPluginManager: Mounting plugin VisualStudioCodeSourceCodeAccess
LogPluginManager: Mounting plugin XCodeSourceCodeAccess
LogPluginManager: Mounting plugin AssetManagerEditor
LogPluginManager: Mounting plugin UObjectPlugin
LogPluginManager: Mounting plugin DataValidation
LogPluginManager: Mounting plugin CurveEditorTools
LogPluginManager: Mounting plugin FacialAnimation
LogPluginManager: Mounting plugin GameplayTagsEditor
LogPluginManager: Mounting plugin GeometryMode
LogPluginManager: Mounting plugin CryptoKeys
LogPluginManager: Mounting plugin DatasmithContent
LogPluginManager: Mounting plugin MaterialAnalyzer
LogPluginManager: Mounting plugin MacGraphicsSwitching
LogPluginManager: Mounting plugin PluginBrowser
LogPluginManager: Mounting plugin MobileLauncherProfileWizard
LogPluginManager: Mounting plugin SpeedTreeImporter
LogPluginManager: Mounting plugin AlembicImporter
LogPluginManager: Mounting plugin VariantManagerContent
LogPluginManager: Mounting plugin AutomationUtils
LogPluginManager: Mounting plugin ChaosCloth
LogPluginManager: Mounting plugin ChaosClothEditor
LogPluginManager: Mounting plugin BackChannel
LogPluginManager: Mounting plugin CharacterAI
LogPluginManager: Mounting plugin ChaosSolverPlugin
LogPluginManager: Mounting plugin ChaosNiagara
LogPluginManager: Mounting plugin ChaosEditor
LogPluginManager: Mounting plugin GeometryCache
LogPluginManager: Mounting plugin NullSourceCodeAccess
LogPluginManager: Mounting plugin GeometryProcessing
LogPluginManager: Mounting plugin PlanarCut
LogPluginManager: Mounting plugin GeometryCollectionPlugin
LogPluginManager: Mounting plugin PlatformCrypto
LogPluginManager: Mounting plugin OpenImageDenoise
LogPluginManager: Mounting plugin ProxyLODPlugin
LogPluginManager: Mounting plugin PythonScriptPlugin
LogPluginManager: Mounting plugin MotoSynth
LogPluginManager: Mounting plugin LuminPlatformFeatures
LogPluginManager: Mounting plugin MagicLeapMedia
LogPluginManager: Mounting plugin MagicLeapPassableWorld
LogPluginManager: Mounting plugin MagicLeapLightEstimation
LogPluginManager: Mounting plugin Niagara
LogPluginManager: Mounting plugin MagicLeap
LogPluginManager: Mounting plugin MLSDK
LogPluginManager: Mounting plugin UdpMessaging
LogPluginManager: Mounting plugin TcpMessaging
LogPluginManager: Mounting plugin AndroidMedia
LogPluginManager: Mounting plugin AvfMedia
LogPluginManager: Mounting plugin SkeletalReduction
LogPluginManager: Mounting plugin ImgMedia
LogPluginManager: Mounting plugin MediaPlayerEditor
LogPluginManager: Mounting plugin WmfMedia
LogPluginManager: Mounting plugin WebMMedia
LogPluginManager: Mounting plugin ActorSequence
LogPluginManager: Mounting plugin LevelSequenceEditor
LogPluginManager: Mounting plugin TemplateSequence
LogPluginManager: Mounting plugin MediaCompositing
LogPluginManager: Mounting plugin MatineeToLevelSequence
LogPluginManager: Mounting plugin OnlineSubsystem
LogPluginManager: Mounting plugin OnlineSubsystemUtils
LogPluginManager: Mounting plugin OnlineSubsystemNull
LogPluginManager: Mounting plugin LauncherChunkInstaller
LogPluginManager: Mounting plugin ActorLayerUtilities
LogPluginManager: Mounting plugin AndroidMoviePlayer
LogPluginManager: Mounting plugin AndroidDeviceProfileSelector
LogPluginManager: Mounting plugin AndroidPermission
LogPluginManager: Mounting plugin AppleImageUtils
LogPluginManager: Mounting plugin AppleMoviePlayer
LogPluginManager: Mounting plugin AudioCapture
LogPluginManager: Mounting plugin AssetTags
LogPluginManager: Mounting plugin ArchVisCharacter
LogPluginManager: Mounting plugin CableComponent
LogPluginManager: Mounting plugin AudioSynesthesia
LogPluginManager: Mounting plugin CustomMeshComponent
LogPluginManager: Mounting plugin ChunkDownloader
LogPluginManager: Mounting plugin EditableMesh
LogPluginManager: Mounting plugin ExampleDeviceProfileSelector
LogPluginManager: Mounting plugin GoogleCloudMessaging
LogPluginManager: Mounting plugin IOSDeviceProfileSelector
LogPluginManager: Mounting plugin LocationServicesBPLibrary
LogPluginManager: Mounting plugin ScreenshotTools
LogPluginManager: Mounting plugin GooglePAD
LogPluginManager: Mounting plugin LinuxDeviceProfileSelector
LogPluginManager: Mounting plugin MobilePatchingUtils
LogPluginManager: Mounting plugin OpenXR
LogPluginManager: Mounting plugin OpenXREyeTracker
LogPluginManager: Mounting plugin Takes
LogPluginManager: Mounting plugin OpenXRHandTracking
LogPluginManager: Mounting plugin PhysXVehicles
LogPluginManager: Mounting plugin PostSplashScreen
LogPluginManager: Mounting plugin PropertyAccessEditor
LogPluginManager: Mounting plugin ProceduralMeshComponent
LogPluginManager: Mounting plugin RuntimePhysXCooking
LogPluginManager: Mounting plugin SoundFields
LogPluginManager: Mounting plugin SignificanceManager
LogPluginManager: Mounting plugin Synthesis
LogPluginManager: Mounting plugin WebMMoviePlayer
LogPluginManager: Mounting plugin WindowsMoviePlayer
LogPluginManager: Mounting plugin ContentBrowserClassDataSource
LogPluginManager: Mounting plugin ContentBrowserAssetDataSource
LogPluginManager: Mounting plugin ContentBrowserFileDataSource
LogPluginManager: Mounting plugin OnlineSubsystemIOS
LogPluginManager: Mounting plugin OnlineSubsystemGooglePlay
LogPluginManager: Mounting plugin OculusVR
LogPluginManager: Mounting plugin SteamVR
PixWinPlugin: PIX capture plugin failed to initialize! Check that the process is launched from PIX.
LogInit: Using libcurl 7.55.1-DEV
LogInit:  - built for x86_64-pc-win32
LogInit:  - supports SSL with OpenSSL/1.1.1
LogInit:  - supports HTTP deflate (compression) using libz 1.2.8
LogInit:  - other features:
LogInit:      CURL_VERSION_SSL
LogInit:      CURL_VERSION_LIBZ
LogInit:      CURL_VERSION_IPV6
LogInit:      CURL_VERSION_ASYNCHDNS
LogInit:      CURL_VERSION_LARGEFILE
LogInit:      CURL_VERSION_IDN
LogInit:  CurlRequestOptions (configurable via config and command line):
LogInit:  - bVerifyPeer = true  - Libcurl will verify peer certificate
LogInit:  - bUseHttpProxy = false  - Libcurl will NOT use HTTP proxy
LogInit:  - bDontReuseConnections = false  - Libcurl will reuse connections
LogInit:  - MaxHostConnections = 16  - Libcurl will limit the number of connections to a host
LogInit:  - LocalHostAddr = Default
LogInit:  - BufferSize = 65536
LogOnline: OSS: Creating online subsystem instance for: NULL
LogInit: WinSock: version 1.1 (2.2), MaxSocks=32767, MaxUdp=65467
LogOnline: OSS: TryLoadSubsystemAndSetDefault: Loaded subsystem for module [NULL]
LogOculusPluginWrapper: OculusPlugin initialized successfully
LogHMD: Failed initializing OVRPlugin 1.59.0
LogInit: Build: ++UE4+Release-4.27-CL-18319896
LogInit: Engine Version: 4.27.2-18319896+++UE4+Release-4.27
LogInit: Compatible Engine Version: 4.27.0-17155196+++UE4+Release-4.27
LogInit: Net CL: 17155196
LogInit: OS: Windows 10 (Release 2009) (), CPU: 11th Gen Intel(R) Core(TM) i7-11800H @ 2.30GHz, GPU: Intel(R) UHD Graphics
LogInit: Compiled (64-bit): Nov 30 2021 07:12:08
LogInit: Compiled with Visual C++: 19.24.28315.00
LogInit: Build Configuration: Development
LogInit: Branch Name: ++UE4+Release-4.27
LogInit: Command Line: 
LogInit: Base Directory: C:/Program Files/Epic Games/UE_4.27/Engine/Binaries/Win64/
LogInit: Allocator: TBB
LogInit: Installed Engine Build: 1
LogDevObjectVersion: Number of dev versions registered: 29
LogDevObjectVersion:   Dev-Blueprints (B0D832E4-1F89-4F0D-ACCF-7EB736FD4AA2): 10
LogDevObjectVersion:   Dev-Build (E1C64328-A22C-4D53-A36C-8E866417BD8C): 0
LogDevObjectVersion:   Dev-Core (375EC13C-06E4-48FB-B500-84F0262A717E): 4
LogDevObjectVersion:   Dev-Editor (E4B068ED-F494-42E9-A231-DA0B2E46BB41): 40
LogDevObjectVersion:   Dev-Framework (CFFC743F-43B0-4480-9391-14DF171D2073): 37
LogDevObjectVersion:   Dev-Mobile (B02B49B5-BB20-44E9-A304-32B752E40360): 3
LogDevObjectVersion:   Dev-Networking (A4E4105C-59A1-49B5-A7C5-40C4547EDFEE): 0
LogDevObjectVersion:   Dev-Online (39C831C9-5AE6-47DC-9A44-9C173E1C8E7C): 0
LogDevObjectVersion:   Dev-Physics (78F01B33-EBEA-4F98-B9B4-84EACCB95AA2): 14
LogDevObjectVersion:   Dev-Platform (6631380F-2D4D-43E0-8009-CF276956A95A): 0
LogDevObjectVersion:   Dev-Rendering (12F88B9F-8875-4AFC-A67C-D90C383ABD29): 45
LogDevObjectVersion:   Dev-Sequencer (7B5AE74C-D270-4C10-A958-57980B212A5A): 13
LogDevObjectVersion:   Dev-VR (D7296918-1DD6-4BDD-9DE2-64A83CC13884): 3
LogDevObjectVersion:   Dev-LoadTimes (C2A15278-BFE7-4AFE-6C17-90FF531DF755): 1
LogDevObjectVersion:   Private-Geometry (6EACA3D4-40EC-4CC1-B786-8BED09428FC5): 3
LogDevObjectVersion:   Dev-AnimPhys (29E575DD-E0A3-4627-9D10-D276232CDCEA): 17
LogDevObjectVersion:   Dev-Anim (AF43A65D-7FD3-4947-9873-3E8ED9C1BB05): 15
LogDevObjectVersion:   Dev-ReflectionCapture (6B266CEC-1EC7-4B8F-A30B-E4D90942FC07): 1
LogDevObjectVersion:   Dev-Automation (0DF73D61-A23F-47EA-B727-89E90C41499A): 1
LogDevObjectVersion:   FortniteMain (601D1886-AC64-4F84-AA16-D3DE0DEAC7D6): 47
LogDevObjectVersion:   FortniteRelease (E7086368-6B23-4C58-8439-1B7016265E91): 1
LogDevObjectVersion:   Dev-Enterprise (9DFFBCD6-494F-0158-E221-12823C92A888): 10
LogDevObjectVersion:   Dev-Niagara (F2AED0AC-9AFE-416F-8664-AA7FFA26D6FC): 1
LogDevObjectVersion:   Dev-Destruction (174F1F0B-B4C6-45A5-B13F-2EE8D0FB917D): 10
LogDevObjectVersion:   Dev-Physics-Ext (35F94A83-E258-406C-A318-09F59610247C): 41
LogDevObjectVersion:   Dev-PhysicsMaterial-Chaos (B68FC16E-8B1B-42E2-B453-215C058844FE): 1
LogDevObjectVersion:   Dev-CineCamera (B2E18506-4273-CFC2-A54E-F4BB758BBA07): 1
LogDevObjectVersion:   Dev-VirtualProduction (64F58936-FD1B-42BA-BA96-7289D5D0FA4E): 1
LogDevObjectVersion:   Dev-MediaFramework (6F0ED827-A609-4895-9C91-998D90180EA4): 2
LogInit: Presizing for max 25165824 objects, including 0 objects not considered by GC, pre-allocating 0 bytes for permanent pool.
LogConfig: Applying CVar settings from Section [/Script/Engine.StreamingSettings] File [C:/Users/emili/Desktop/github/EmiliaNatkaniec2/EmiliaNatkaniec2/EmiliaNatkaniec_2/Saved/Config/Windows/Engine.ini]
LogConfig: Setting CVar [[s.MinBulkDataSizeForAsyncLoading:131072]]
LogConfig: Setting CVar [[s.AsyncLoadingThreadEnabled:0]]
LogConfig: Setting CVar [[s.EventDrivenLoaderEnabled:1]]
LogConfig: Setting CVar [[s.WarnIfTimeLimitExceeded:0]]
LogConfig: Setting CVar [[s.TimeLimitExceededMultiplier:1.5]]
LogConfig: Setting CVar [[s.TimeLimitExceededMinTime:0.005]]
LogConfig: Setting CVar [[s.UseBackgroundLevelStreaming:1]]
LogConfig: Setting CVar [[s.PriorityAsyncLoadingExtraTime:15.0]]
LogConfig: Setting CVar [[s.LevelStreamingActorsUpdateTimeLimit:5.0]]
LogConfig: Setting CVar [[s.PriorityLevelStreamingActorsUpdateExtraTime:5.0]]
LogConfig: Setting CVar [[s.LevelStreamingComponentsRegistrationGranularity:10]]
LogConfig: Setting CVar [[s.UnregisterComponentsTimeLimit:1.0]]
LogConfig: Setting CVar [[s.LevelStreamingComponentsUnregistrationGranularity:5]]
LogConfig: Setting CVar [[s.FlushStreamingOnExit:1]]
LogInit: Object subsystem initialized
LogConfig: Setting CVar [[con.DebugEarlyDefault:1]]
LogConfig: Setting CVar [[r.setres:1280x720]]
[2023.04.29-08.54.54:564][  0]LogConfig: Setting CVar [[r.VSync:0]]
[2023.04.29-08.54.54:564][  0]LogConfig: Setting CVar [[r.RHICmdBypass:0]]
[2023.04.29-08.54.54:564][  0]LogConfig: Applying CVar settings from Section [/Script/Engine.RendererSettings] File [C:/Users/emili/Desktop/github/EmiliaNatkaniec2/EmiliaNatkaniec2/EmiliaNatkaniec_2/Saved/Config/Windows/Engine.ini]
[2023.04.29-08.54.54:564][  0]LogConfig: Setting CVar [[r.GPUCrashDebugging:0]]
[2023.04.29-08.54.54:564][  0]LogConfig: Setting CVar [[r.DefaultFeature.AutoExposure:0]]
[2023.04.29-08.54.54:564][  0]LogConfig: Applying CVar settings from Section [/Script/Engine.RendererOverrideSettings] File [C:/Users/emili/Desktop/github/EmiliaNatkaniec2/EmiliaNatkaniec2/EmiliaNatkaniec_2/Saved/Config/Windows/Engine.ini]
[2023.04.29-08.54.54:564][  0]LogConfig: Applying CVar settings from Section [/Script/Engine.StreamingSettings] File [C:/Users/emili/Desktop/github/EmiliaNatkaniec2/EmiliaNatkaniec2/EmiliaNatkaniec_2/Saved/Config/Windows/Engine.ini]
[2023.04.29-08.54.54:564][  0]LogConfig: Setting CVar [[s.MinBulkDataSizeForAsyncLoading:131072]]
[2023.04.29-08.54.54:564][  0]LogConfig: Setting CVar [[s.AsyncLoadingThreadEnabled:0]]
[2023.04.29-08.54.54:564][  0]LogConfig: Setting CVar [[s.EventDrivenLoaderEnabled:1]]
[2023.04.29-08.54.54:564][  0]LogConfig: Setting CVar [[s.WarnIfTimeLimitExceeded:0]]
[2023.04.29-08.54.54:564][  0]LogConfig: Setting CVar [[s.TimeLimitExceededMultiplier:1.5]]
[2023.04.29-08.54.54:564][  0]LogConfig: Setting CVar [[s.TimeLimitExceededMinTime:0.005]]
[2023.04.29-08.54.54:564][  0]LogConfig: Setting CVar [[s.UseBackgroundLevelStreaming:1]]
[2023.04.29-08.54.54:564][  0]LogConfig: Setting CVar [[s.PriorityAsyncLoadingExtraTime:15.0]]
[2023.04.29-08.54.54:564][  0]LogConfig: Setting CVar [[s.LevelStreamingActorsUpdateTimeLimit:5.0]]
[2023.04.29-08.54.54:564][  0]LogConfig: Setting CVar [[s.PriorityLevelStreamingActorsUpdateExtraTime:5.0]]
[2023.04.29-08.54.54:564][  0]LogConfig: Setting CVar [[s.LevelStreamingComponentsRegistrationGranularity:10]]
[2023.04.29-08.54.54:564][  0]LogConfig: Setting CVar [[s.UnregisterComponentsTimeLimit:1.0]]
[2023.04.29-08.54.54:564][  0]LogConfig: Setting CVar [[s.LevelStreamingComponentsUnregistrationGranularity:5]]
[2023.04.29-08.54.54:564][  0]LogConfig: Setting CVar [[s.FlushStreamingOnExit:1]]
[2023.04.29-08.54.54:564][  0]LogConfig: Applying CVar settings from Section [/Script/Engine.GarbageCollectionSettings] File [C:/Users/emili/Desktop/github/EmiliaNatkaniec2/EmiliaNatkaniec2/EmiliaNatkaniec_2/Saved/Config/Windows/Engine.ini]
[2023.04.29-08.54.54:564][  0]LogConfig: Setting CVar [[gc.MaxObjectsNotConsideredByGC:1]]
[2023.04.29-08.54.54:564][  0]LogConfig: Setting CVar [[gc.SizeOfPermanentObjectPool:0]]
[2023.04.29-08.54.54:564][  0]LogConfig: Setting CVar [[gc.FlushStreamingOnGC:0]]
[2023.04.29-08.54.54:564][  0]LogConfig: Setting CVar [[gc.NumRetriesBeforeForcingGC:10]]
[2023.04.29-08.54.54:564][  0]LogConfig: Setting CVar [[gc.AllowParallelGC:1]]
[2023.04.29-08.54.54:564][  0]LogConfig: Setting CVar [[gc.TimeBetweenPurgingPendingKillObjects:61.1]]
[2023.04.29-08.54.54:564][  0]LogConfig: Setting CVar [[gc.MaxObjectsInEditor:25165824]]
[2023.04.29-08.54.54:564][  0]LogConfig: Setting CVar [[gc.IncrementalBeginDestroyEnabled:1]]
[2023.04.29-08.54.54:564][  0]LogConfig: Setting CVar [[gc.CreateGCClusters:1]]
[2023.04.29-08.54.54:564][  0]LogConfig: Setting CVar [[gc.MinGCClusterSize:5]]
[2023.04.29-08.54.54:564][  0]LogConfig: Setting CVar [[gc.ActorClusteringEnabled:0]]
[2023.04.29-08.54.54:564][  0]LogConfig: Setting CVar [[gc.BlueprintClusteringEnabled:0]]
[2023.04.29-08.54.54:564][  0]LogConfig: Setting CVar [[gc.UseDisregardForGCOnDedicatedServers:0]]
[2023.04.29-08.54.54:564][  0]LogConfig: Setting CVar [[gc.MultithreadedDestructionEnabled:1]]
[2023.04.29-08.54.54:564][  0]LogConfig: Applying CVar settings from Section [/Script/Engine.NetworkSettings] File [C:/Users/emili/Desktop/github/EmiliaNatkaniec2/EmiliaNatkaniec2/EmiliaNatkaniec_2/Saved/Config/Windows/Engine.ini]
[2023.04.29-08.54.54:564][  0]LogConfig: Applying CVar settings from Section [/Script/UnrealEd.CookerSettings] File [C:/Users/emili/Desktop/github/EmiliaNatkaniec2/EmiliaNatkaniec2/EmiliaNatkaniec_2/Saved/Config/Windows/Engine.ini]
[2023.04.29-08.54.54:579][  0]LogConfig: Applying CVar settings from Section [ViewDistanceQuality@3] File [C:/Users/emili/Desktop/github/EmiliaNatkaniec2/EmiliaNatkaniec2/EmiliaNatkaniec_2/Saved/Config/Windows/Scalability.ini]
[2023.04.29-08.54.54:579][  0]LogConfig: Setting CVar [[r.SkeletalMeshLODBias:0]]
[2023.04.29-08.54.54:579][  0]LogConfig: Setting CVar [[r.ViewDistanceScale:1.0]]
[2023.04.29-08.54.54:579][  0]LogConfig: Applying CVar settings from Section [AntiAliasingQuality@3] File [C:/Users/emili/Desktop/github/EmiliaNatkaniec2/EmiliaNatkaniec2/EmiliaNatkaniec_2/Saved/Config/Windows/Scalability.ini]
[2023.04.29-08.54.54:579][  0]LogConfig: Setting CVar [[r.PostProcessAAQuality:4]]
[2023.04.29-08.54.54:579][  0]LogConfig: Applying CVar settings from Section [ShadowQuality@3] File [C:/Users/emili/Desktop/github/EmiliaNatkaniec2/EmiliaNatkaniec2/EmiliaNatkaniec_2/Saved/Config/Windows/Scalability.ini]
[2023.04.29-08.54.54:579][  0]LogConfig: Setting CVar [[r.LightFunctionQuality:1]]
[2023.04.29-08.54.54:579][  0]LogConfig: Setting CVar [[r.ShadowQuality:5]]
[2023.04.29-08.54.54:579][  0]LogConfig: Setting CVar [[r.Shadow.CSM.MaxCascades:10]]
[2023.04.29-08.54.54:579][  0]LogConfig: Setting CVar [[r.Shadow.MaxResolution:2048]]
[2023.04.29-08.54.54:579][  0]LogConfig: Setting CVar [[r.Shadow.MaxCSMResolution:2048]]
[2023.04.29-08.54.54:579][  0]LogConfig: Setting CVar [[r.Shadow.RadiusThreshold:0.01]]
[2023.04.29-08.54.54:579][  0]LogConfig: Setting CVar [[r.Shadow.DistanceScale:1.0]]
[2023.04.29-08.54.54:579][  0]LogConfig: Setting CVar [[r.Shadow.CSM.TransitionScale:1.0]]
[2023.04.29-08.54.54:579][  0]LogConfig: Setting CVar [[r.Shadow.PreShadowResolutionFactor:1.0]]
[2023.04.29-08.54.54:579][  0]LogConfig: Setting CVar [[r.DistanceFieldShadowing:1]]
[2023.04.29-08.54.54:579][  0]LogConfig: Setting CVar [[r.DistanceFieldAO:1]]
[2023.04.29-08.54.54:579][  0]LogConfig: Setting CVar [[r.AOQuality:2]]
[2023.04.29-08.54.54:579][  0]LogConfig: Setting CVar [[r.VolumetricFog:1]]
[2023.04.29-08.54.54:579][  0]LogConfig: Setting CVar [[r.VolumetricFog.GridPixelSize:8]]
[2023.04.29-08.54.54:579][  0]LogConfig: Setting CVar [[r.VolumetricFog.GridSizeZ:128]]
[2023.04.29-08.54.54:579][  0]LogConfig: Setting CVar [[r.VolumetricFog.HistoryMissSupersampleCount:4]]
[2023.04.29-08.54.54:579][  0]LogConfig: Setting CVar [[r.LightMaxDrawDistanceScale:1]]
[2023.04.29-08.54.54:579][  0]LogConfig: Setting CVar [[r.CapsuleShadows:1]]
[2023.04.29-08.54.54:579][  0]LogConfig: Applying CVar settings from Section [PostProcessQuality@3] File [C:/Users/emili/Desktop/github/EmiliaNatkaniec2/EmiliaNatkaniec2/EmiliaNatkaniec_2/Saved/Config/Windows/Scalability.ini]
[2023.04.29-08.54.54:579][  0]LogConfig: Setting CVar [[r.MotionBlurQuality:4]]
[2023.04.29-08.54.54:579][  0]LogConfig: Setting CVar [[r.AmbientOcclusionMipLevelFactor:0.4]]
[2023.04.29-08.54.54:579][  0]LogConfig: Setting CVar [[r.AmbientOcclusionMaxQuality:100]]
[2023.04.29-08.54.54:579][  0]LogConfig: Setting CVar [[r.AmbientOcclusionLevels:-1]]
[2023.04.29-08.54.54:579][  0]LogConfig: Setting CVar [[r.AmbientOcclusionRadiusScale:1.0]]
[2023.04.29-08.54.54:579][  0]LogConfig: Setting CVar [[r.DepthOfFieldQuality:2]]
[2023.04.29-08.54.54:579][  0]LogConfig: Setting CVar [[r.RenderTargetPoolMin:400]]
[2023.04.29-08.54.54:579][  0]LogConfig: Setting CVar [[r.LensFlareQuality:2]]
[2023.04.29-08.54.54:579][  0]LogConfig: Setting CVar [[r.SceneColorFringeQuality:1]]
[2023.04.29-08.54.54:579][  0]LogConfig: Setting CVar [[r.EyeAdaptationQuality:2]]
[2023.04.29-08.54.54:579][  0]LogConfig: Setting CVar [[r.BloomQuality:5]]
[2023.04.29-08.54.54:579][  0]LogConfig: Setting CVar [[r.FastBlurThreshold:100]]
[2023.04.29-08.54.54:579][  0]LogConfig: Setting CVar [[r.Upscale.Quality:3]]
[2023.04.29-08.54.54:579][  0]LogConfig: Setting CVar [[r.Tonemapper.GrainQuantization:1]]
[2023.04.29-08.54.54:579][  0]LogConfig: Setting CVar [[r.LightShaftQuality:1]]
[2023.04.29-08.54.54:579][  0]LogConfig: Setting CVar [[r.Filter.SizeScale:1]]
[2023.04.29-08.54.54:579][  0]LogConfig: Setting CVar [[r.Tonemapper.Quality:5]]
[2023.04.29-08.54.54:579][  0]LogConfig: Setting CVar [[r.DOF.Gather.AccumulatorQuality:1        ; higher gathering accumulator quality]]
[2023.04.29-08.54.54:579][  0]LogConfig: Setting CVar [[r.DOF.Gather.PostfilterMethod:1          ; Median3x3 postfilering method]]
[2023.04.29-08.54.54:579][  0]LogConfig: Setting CVar [[r.DOF.Gather.EnableBokehSettings:0       ; no bokeh simulation when gathering]]
[2023.04.29-08.54.54:579][  0]LogConfig: Setting CVar [[r.DOF.Gather.RingCount:4                 ; medium number of samples when gathering]]
[2023.04.29-08.54.54:579][  0]LogConfig: Setting CVar [[r.DOF.Scatter.ForegroundCompositing:1    ; additive foreground scattering]]
[2023.04.29-08.54.54:579][  0]LogConfig: Setting CVar [[r.DOF.Scatter.BackgroundCompositing:2    ; additive background scattering]]
[2023.04.29-08.54.54:579][  0]LogConfig: Setting CVar [[r.DOF.Scatter.EnableBokehSettings:1      ; bokeh simulation when scattering]]
[2023.04.29-08.54.54:579][  0]LogConfig: Setting CVar [[r.DOF.Scatter.MaxSpriteRatio:0.1         ; only a maximum of 10% of scattered bokeh]]
[2023.04.29-08.54.54:579][  0]LogConfig: Setting CVar [[r.DOF.Recombine.Quality:1                ; cheap slight out of focus]]
[2023.04.29-08.54.54:579][  0]LogConfig: Setting CVar [[r.DOF.Recombine.EnableBokehSettings:0    ; no bokeh simulation on slight out of focus]]
[2023.04.29-08.54.54:579][  0]LogConfig: Setting CVar [[r.DOF.TemporalAAQuality:1                ; more stable temporal accumulation]]
[2023.04.29-08.54.54:579][  0]LogConfig: Setting CVar [[r.DOF.Kernel.MaxForegroundRadius:0.025]]
[2023.04.29-08.54.54:579][  0]LogConfig: Setting CVar [[r.DOF.Kernel.MaxBackgroundRadius:0.025]]
[2023.04.29-08.54.54:579][  0]LogConfig: Applying CVar settings from Section [TextureQuality@3] File [C:/Users/emili/Desktop/github/EmiliaNatkaniec2/EmiliaNatkaniec2/EmiliaNatkaniec_2/Saved/Config/Windows/Scalability.ini]
[2023.04.29-08.54.54:579][  0]LogConfig: Setting CVar [[r.Streaming.MipBias:0]]
[2023.04.29-08.54.54:579][  0]LogConfig: Setting CVar [[r.Streaming.AmortizeCPUToGPUCopy:0]]
[2023.04.29-08.54.54:579][  0]LogConfig: Setting CVar [[r.Streaming.MaxNumTexturesToStreamPerFrame:0]]
[2023.04.29-08.54.54:579][  0]LogConfig: Setting CVar [[r.Streaming.Boost:1]]
[2023.04.29-08.54.54:579][  0]LogConfig: Setting CVar [[r.MaxAnisotropy:8]]
[2023.04.29-08.54.54:579][  0]LogConfig: Setting CVar [[r.VT.MaxAnisotropy:8]]
[2023.04.29-08.54.54:579][  0]LogConfig: Setting CVar [[r.Streaming.LimitPoolSizeToVRAM:0]]
[2023.04.29-08.54.54:579][  0]LogConfig: Setting CVar [[r.Streaming.PoolSize:1000]]
[2023.04.29-08.54.54:579][  0]LogConfig: Setting CVar [[r.Streaming.MaxEffectiveScreenSize:0]]
[2023.04.29-08.54.54:579][  0]LogConfig: Applying CVar settings from Section [EffectsQuality@3] File [C:/Users/emili/Desktop/github/EmiliaNatkaniec2/EmiliaNatkaniec2/EmiliaNatkaniec_2/Saved/Config/Windows/Scalability.ini]
[2023.04.29-08.54.54:579][  0]LogConfig: Setting CVar [[r.TranslucencyLightingVolumeDim:64]]
[2023.04.29-08.54.54:579][  0]LogConfig: Setting CVar [[r.RefractionQuality:2]]
[2023.04.29-08.54.54:579][  0]LogConfig: Setting CVar [[r.SSR.Quality:3]]
[2023.04.29-08.54.54:579][  0]LogConfig: Setting CVar [[r.SSR.HalfResSceneColor:0]]
[2023.04.29-08.54.54:579][  0]LogConfig: Setting CVar [[r.SceneColorFormat:4]]
[2023.04.29-08.54.54:579][  0]LogConfig: Setting CVar [[r.DetailMode:2]]
[2023.04.29-08.54.54:579][  0]LogConfig: Setting CVar [[r.TranslucencyVolumeBlur:1]]
[2023.04.29-08.54.54:579][  0]LogConfig: Setting CVar [[r.MaterialQualityLevel:1 ; High quality]]
[2023.04.29-08.54.54:579][  0]LogConfig: Setting CVar [[r.AnisotropicMaterials:1]]
[2023.04.29-08.54.54:579][  0]LogConfig: Setting CVar [[r.SSS.Scale:1]]
[2023.04.29-08.54.54:579][  0]LogConfig: Setting CVar [[r.SSS.SampleSet:2]]
[2023.04.29-08.54.54:579][  0]LogConfig: Setting CVar [[r.SSS.Quality:1]]
[2023.04.29-08.54.54:579][  0]LogConfig: Setting CVar [[r.SSS.HalfRes:0]]
[2023.04.29-08.54.54:579][  0]LogConfig: Setting CVar [[r.SSGI.Quality:3]]
[2023.04.29-08.54.54:579][  0]LogConfig: Setting CVar [[r.EmitterSpawnRateScale:1.0]]
[2023.04.29-08.54.54:579][  0]LogConfig: Setting CVar [[r.ParticleLightQuality:2]]
[2023.04.29-08.54.54:579][  0]LogConfig: Setting CVar [[r.SkyAtmosphere.AerialPerspectiveLUT.FastApplyOnOpaque:1 ; Always have FastSkyLUT 1 in this case to avoid wrong sky]]
[2023.04.29-08.54.54:579][  0]LogConfig: Setting CVar [[r.SkyAtmosphere.AerialPerspectiveLUT.SampleCountMaxPerSlice:4]]
[2023.04.29-08.54.54:579][  0]LogConfig: Setting CVar [[r.SkyAtmosphere.AerialPerspectiveLUT.DepthResolution:16.0]]
[2023.04.29-08.54.54:579][  0]LogConfig: Setting CVar [[r.SkyAtmosphere.FastSkyLUT:1]]
[2023.04.29-08.54.54:579][  0]LogConfig: Setting CVar [[r.SkyAtmosphere.FastSkyLUT.SampleCountMin:4.0]]
[2023.04.29-08.54.54:579][  0]LogConfig: Setting CVar [[r.SkyAtmosphere.FastSkyLUT.SampleCountMax:128.0]]
[2023.04.29-08.54.54:579][  0]LogConfig: Setting CVar [[r.SkyAtmosphere.SampleCountMin:4.0]]
[2023.04.29-08.54.54:579][  0]LogConfig: Setting CVar [[r.SkyAtmosphere.SampleCountMax:128.0]]
[2023.04.29-08.54.54:579][  0]LogConfig: Setting CVar [[r.SkyAtmosphere.TransmittanceLUT.UseSmallFormat:0]]
[2023.04.29-08.54.54:579][  0]LogConfig: Setting CVar [[r.SkyAtmosphere.TransmittanceLUT.SampleCount:10.0]]
[2023.04.29-08.54.54:579][  0]LogConfig: Setting CVar [[r.SkyAtmosphere.MultiScatteringLUT.SampleCount:15.0]]
[2023.04.29-08.54.54:579][  0]LogConfig: Setting CVar [[r.SkyLight.RealTimeReflectionCapture:1]]
[2023.04.29-08.54.54:579][  0]LogConfig: Applying CVar settings from Section [FoliageQuality@3] File [C:/Users/emili/Desktop/github/EmiliaNatkaniec2/EmiliaNatkaniec2/EmiliaNatkaniec_2/Saved/Config/Windows/Scalability.ini]
[2023.04.29-08.54.54:579][  0]LogConfig: Setting CVar [[foliage.DensityScale:1.0]]
[2023.04.29-08.54.54:579][  0]LogConfig: Setting CVar [[grass.DensityScale:1.0]]
[2023.04.29-08.54.54:579][  0]LogConfig: Applying CVar settings from Section [ShadingQuality@3] File [C:/Users/emili/Desktop/github/EmiliaNatkaniec2/EmiliaNatkaniec2/EmiliaNatkaniec_2/Saved/Config/Windows/Scalability.ini]
[2023.04.29-08.54.54:579][  0]LogConfig: Setting CVar [[r.HairStrands.SkyLighting.IntegrationType:2]]
[2023.04.29-08.54.54:579][  0]LogConfig: Setting CVar [[r.HairStrands.SkyAO.SampleCount:4]]
[2023.04.29-08.54.54:579][  0]LogConfig: Setting CVar [[r.HairStrands.Visibility.MSAA.SamplePerPixel:4]]
[2023.04.29-08.54.54:579][  0]LogInit: Selected Device Profile: [Windows]
[2023.04.29-08.54.54:579][  0]LogInit: Applying CVar settings loaded from the selected device profile: [Windows]
[2023.04.29-08.54.54:579][  0]LogHAL: Display: Platform has ~ 16 GB [16910159872 / 17179869184 / 16], which maps to Larger [LargestMinGB=32, LargerMinGB=12, DefaultMinGB=8, SmallerMinGB=6, SmallestMinGB=0)
[2023.04.29-08.54.54:579][  0]LogInit: Going up to parent DeviceProfile []
[2023.04.29-08.54.54:579][  0]LogConfig: Applying CVar settings from Section [ViewDistanceQuality@3] File [C:/Users/emili/Desktop/github/EmiliaNatkaniec2/EmiliaNatkaniec2/EmiliaNatkaniec_2/Saved/Config/Windows/Scalability.ini]
[2023.04.29-08.54.54:579][  0]LogConfig: Setting CVar [[r.SkeletalMeshLODBias:0]]
[2023.04.29-08.54.54:579][  0]LogConfig: Setting CVar [[r.ViewDistanceScale:1.0]]
[2023.04.29-08.54.54:579][  0]LogConfig: Applying CVar settings from Section [AntiAliasingQuality@3] File [C:/Users/emili/Desktop/github/EmiliaNatkaniec2/EmiliaNatkaniec2/EmiliaNatkaniec_2/Saved/Config/Windows/Scalability.ini]
[2023.04.29-08.54.54:579][  0]LogConfig: Setting CVar [[r.PostProcessAAQuality:4]]
[2023.04.29-08.54.54:579][  0]LogConfig: Applying CVar settings from Section [ShadowQuality@3] File [C:/Users/emili/Desktop/github/EmiliaNatkaniec2/EmiliaNatkaniec2/EmiliaNatkaniec_2/Saved/Config/Windows/Scalability.ini]
[2023.04.29-08.54.54:579][  0]LogConfig: Setting CVar [[r.LightFunctionQuality:1]]
[2023.04.29-08.54.54:579][  0]LogConfig: Setting CVar [[r.ShadowQuality:5]]
[2023.04.29-08.54.54:579][  0]LogConfig: Setting CVar [[r.Shadow.CSM.MaxCascades:10]]
[2023.04.29-08.54.54:579][  0]LogConfig: Setting CVar [[r.Shadow.MaxResolution:2048]]
[2023.04.29-08.54.54:579][  0]LogConfig: Setting CVar [[r.Shadow.MaxCSMResolution:2048]]
[2023.04.29-08.54.54:579][  0]LogConfig: Setting CVar [[r.Shadow.RadiusThreshold:0.01]]
[2023.04.29-08.54.54:579][  0]LogConfig: Setting CVar [[r.Shadow.DistanceScale:1.0]]
[2023.04.29-08.54.54:579][  0]LogConfig: Setting CVar [[r.Shadow.CSM.TransitionScale:1.0]]
[2023.04.29-08.54.54:579][  0]LogConfig: Setting CVar [[r.Shadow.PreShadowResolutionFactor:1.0]]
[2023.04.29-08.54.54:579][  0]LogConfig: Setting CVar [[r.DistanceFieldShadowing:1]]
[2023.04.29-08.54.54:579][  0]LogConfig: Setting CVar [[r.DistanceFieldAO:1]]
[2023.04.29-08.54.54:579][  0]LogConfig: Setting CVar [[r.AOQuality:2]]
[2023.04.29-08.54.54:579][  0]LogConfig: Setting CVar [[r.VolumetricFog:1]]
[2023.04.29-08.54.54:579][  0]LogConfig: Setting CVar [[r.VolumetricFog.GridPixelSize:8]]
[2023.04.29-08.54.54:579][  0]LogConfig: Setting CVar [[r.VolumetricFog.GridSizeZ:128]]
[2023.04.29-08.54.54:579][  0]LogConfig: Setting CVar [[r.VolumetricFog.HistoryMissSupersampleCount:4]]
[2023.04.29-08.54.54:579][  0]LogConfig: Setting CVar [[r.LightMaxDrawDistanceScale:1]]
[2023.04.29-08.54.54:579][  0]LogConfig: Setting CVar [[r.CapsuleShadows:1]]
[2023.04.29-08.54.54:579][  0]LogConfig: Applying CVar settings from Section [PostProcessQuality@3] File [C:/Users/emili/Desktop/github/EmiliaNatkaniec2/EmiliaNatkaniec2/EmiliaNatkaniec_2/Saved/Config/Windows/Scalability.ini]
[2023.04.29-08.54.54:579][  0]LogConfig: Setting CVar [[r.MotionBlurQuality:4]]
[2023.04.29-08.54.54:579][  0]LogConfig: Setting CVar [[r.AmbientOcclusionMipLevelFactor:0.4]]
[2023.04.29-08.54.54:579][  0]LogConfig: Setting CVar [[r.AmbientOcclusionMaxQuality:100]]
[2023.04.29-08.54.54:579][  0]LogConfig: Setting CVar [[r.AmbientOcclusionLevels:-1]]
[2023.04.29-08.54.54:579][  0]LogConfig: Setting CVar [[r.AmbientOcclusionRadiusScale:1.0]]
[2023.04.29-08.54.54:579][  0]LogConfig: Setting CVar [[r.DepthOfFieldQuality:2]]
[2023.04.29-08.54.54:579][  0]LogConfig: Setting CVar [[r.RenderTargetPoolMin:400]]
[2023.04.29-08.54.54:579][  0]LogConfig: Setting CVar [[r.LensFlareQuality:2]]
[2023.04.29-08.54.54:579][  0]LogConfig: Setting CVar [[r.SceneColorFringeQuality:1]]
[2023.04.29-08.54.54:579][  0]LogConfig: Setting CVar [[r.EyeAdaptationQuality:2]]
[2023.04.29-08.54.54:579][  0]LogConfig: Setting CVar [[r.BloomQuality:5]]
[2023.04.29-08.54.54:579][  0]LogConfig: Setting CVar [[r.FastBlurThreshold:100]]
[2023.04.29-08.54.54:579][  0]LogConfig: Setting CVar [[r.Upscale.Quality:3]]
[2023.04.29-08.54.54:579][  0]LogConfig: Setting CVar [[r.Tonemapper.GrainQuantization:1]]
[2023.04.29-08.54.54:579][  0]LogConfig: Setting CVar [[r.LightShaftQuality:1]]
[2023.04.29-08.54.54:579][  0]LogConfig: Setting CVar [[r.Filter.SizeScale:1]]
[2023.04.29-08.54.54:579][  0]LogConfig: Setting CVar [[r.Tonemapper.Quality:5]]
[2023.04.29-08.54.54:579][  0]LogConfig: Setting CVar [[r.DOF.Gather.AccumulatorQuality:1        ; higher gathering accumulator quality]]
[2023.04.29-08.54.54:579][  0]LogConfig: Setting CVar [[r.DOF.Gather.PostfilterMethod:1          ; Median3x3 postfilering method]]
[2023.04.29-08.54.54:579][  0]LogConfig: Setting CVar [[r.DOF.Gather.EnableBokehSettings:0       ; no bokeh simulation when gathering]]
[2023.04.29-08.54.54:579][  0]LogConfig: Setting CVar [[r.DOF.Gather.RingCount:4                 ; medium number of samples when gathering]]
[2023.04.29-08.54.54:579][  0]LogConfig: Setting CVar [[r.DOF.Scatter.ForegroundCompositing:1    ; additive foreground scattering]]
[2023.04.29-08.54.54:579][  0]LogConfig: Setting CVar [[r.DOF.Scatter.BackgroundCompositing:2    ; additive background scattering]]
[2023.04.29-08.54.54:579][  0]LogConfig: Setting CVar [[r.DOF.Scatter.EnableBokehSettings:1      ; bokeh simulation when scattering]]
[2023.04.29-08.54.54:579][  0]LogConfig: Setting CVar [[r.DOF.Scatter.MaxSpriteRatio:0.1         ; only a maximum of 10% of scattered bokeh]]
[2023.04.29-08.54.54:579][  0]LogConfig: Setting CVar [[r.DOF.Recombine.Quality:1                ; cheap slight out of focus]]
[2023.04.29-08.54.54:579][  0]LogConfig: Setting CVar [[r.DOF.Recombine.EnableBokehSettings:0    ; no bokeh simulation on slight out of focus]]
[2023.04.29-08.54.54:579][  0]LogConfig: Setting CVar [[r.DOF.TemporalAAQuality:1                ; more stable temporal accumulation]]
[2023.04.29-08.54.54:579][  0]LogConfig: Setting CVar [[r.DOF.Kernel.MaxForegroundRadius:0.025]]
[2023.04.29-08.54.54:579][  0]LogConfig: Setting CVar [[r.DOF.Kernel.MaxBackgroundRadius:0.025]]
[2023.04.29-08.54.54:579][  0]LogConfig: Applying CVar settings from Section [TextureQuality@3] File [C:/Users/emili/Desktop/github/EmiliaNatkaniec2/EmiliaNatkaniec2/EmiliaNatkaniec_2/Saved/Config/Windows/Scalability.ini]
[2023.04.29-08.54.54:581][  0]LogConfig: Setting CVar [[r.Streaming.MipBias:0]]
[2023.04.29-08.54.54:581][  0]LogConfig: Setting CVar [[r.Streaming.AmortizeCPUToGPUCopy:0]]
[2023.04.29-08.54.54:581][  0]LogConfig: Setting CVar [[r.Streaming.MaxNumTexturesToStreamPerFrame:0]]
[2023.04.29-08.54.54:581][  0]LogConfig: Setting CVar [[r.Streaming.Boost:1]]
[2023.04.29-08.54.54:581][  0]LogConfig: Setting CVar [[r.MaxAnisotropy:8]]
[2023.04.29-08.54.54:581][  0]LogConfig: Setting CVar [[r.VT.MaxAnisotropy:8]]
[2023.04.29-08.54.54:581][  0]LogConfig: Setting CVar [[r.Streaming.LimitPoolSizeToVRAM:0]]
[2023.04.29-08.54.54:581][  0]LogConfig: Setting CVar [[r.Streaming.PoolSize:1000]]
[2023.04.29-08.54.54:581][  0]LogConfig: Setting CVar [[r.Streaming.MaxEffectiveScreenSize:0]]
[2023.04.29-08.54.54:581][  0]LogConfig: Applying CVar settings from Section [EffectsQuality@3] File [C:/Users/emili/Desktop/github/EmiliaNatkaniec2/EmiliaNatkaniec2/EmiliaNatkaniec_2/Saved/Config/Windows/Scalability.ini]
[2023.04.29-08.54.54:581][  0]LogConfig: Setting CVar [[r.TranslucencyLightingVolumeDim:64]]
[2023.04.29-08.54.54:581][  0]LogConfig: Setting CVar [[r.RefractionQuality:2]]
[2023.04.29-08.54.54:581][  0]LogConfig: Setting CVar [[r.SSR.Quality:3]]
[2023.04.29-08.54.54:581][  0]LogConfig: Setting CVar [[r.SSR.HalfResSceneColor:0]]
[2023.04.29-08.54.54:581][  0]LogConfig: Setting CVar [[r.SceneColorFormat:4]]
[2023.04.29-08.54.54:581][  0]LogConfig: Setting CVar [[r.DetailMode:2]]
[2023.04.29-08.54.54:581][  0]LogConfig: Setting CVar [[r.TranslucencyVolumeBlur:1]]
[2023.04.29-08.54.54:581][  0]LogConfig: Setting CVar [[r.MaterialQualityLevel:1 ; High quality]]
[2023.04.29-08.54.54:581][  0]LogConfig: Setting CVar [[r.AnisotropicMaterials:1]]
[2023.04.29-08.54.54:581][  0]LogConfig: Setting CVar [[r.SSS.Scale:1]]
[2023.04.29-08.54.54:581][  0]LogConfig: Setting CVar [[r.SSS.SampleSet:2]]
[2023.04.29-08.54.54:581][  0]LogConfig: Setting CVar [[r.SSS.Quality:1]]
[2023.04.29-08.54.54:581][  0]LogConfig: Setting CVar [[r.SSS.HalfRes:0]]
[2023.04.29-08.54.54:581][  0]LogConfig: Setting CVar [[r.SSGI.Quality:3]]
[2023.04.29-08.54.54:581][  0]LogConfig: Setting CVar [[r.EmitterSpawnRateScale:1.0]]
[2023.04.29-08.54.54:581][  0]LogConfig: Setting CVar [[r.ParticleLightQuality:2]]
[2023.04.29-08.54.54:581][  0]LogConfig: Setting CVar [[r.SkyAtmosphere.AerialPerspectiveLUT.FastApplyOnOpaque:1 ; Always have FastSkyLUT 1 in this case to avoid wrong sky]]
[2023.04.29-08.54.54:581][  0]LogConfig: Setting CVar [[r.SkyAtmosphere.AerialPerspectiveLUT.SampleCountMaxPerSlice:4]]
[2023.04.29-08.54.54:581][  0]LogConfig: Setting CVar [[r.SkyAtmosphere.AerialPerspectiveLUT.DepthResolution:16.0]]
[2023.04.29-08.54.54:581][  0]LogConfig: Setting CVar [[r.SkyAtmosphere.FastSkyLUT:1]]
[2023.04.29-08.54.54:581][  0]LogConfig: Setting CVar [[r.SkyAtmosphere.FastSkyLUT.SampleCountMin:4.0]]
[2023.04.29-08.54.54:581][  0]LogConfig: Setting CVar [[r.SkyAtmosphere.FastSkyLUT.SampleCountMax:128.0]]
[2023.04.29-08.54.54:581][  0]LogConfig: Setting CVar [[r.SkyAtmosphere.SampleCountMin:4.0]]
[2023.04.29-08.54.54:581][  0]LogConfig: Setting CVar [[r.SkyAtmosphere.SampleCountMax:128.0]]
[2023.04.29-08.54.54:581][  0]LogConfig: Setting CVar [[r.SkyAtmosphere.TransmittanceLUT.UseSmallFormat:0]]
[2023.04.29-08.54.54:581][  0]LogConfig: Setting CVar [[r.SkyAtmosphere.TransmittanceLUT.SampleCount:10.0]]
[2023.04.29-08.54.54:581][  0]LogConfig: Setting CVar [[r.SkyAtmosphere.MultiScatteringLUT.SampleCount:15.0]]
[2023.04.29-08.54.54:581][  0]LogConfig: Setting CVar [[r.SkyLight.RealTimeReflectionCapture:1]]
[2023.04.29-08.54.54:581][  0]LogConfig: Applying CVar settings from Section [FoliageQuality@3] File [C:/Users/emili/Desktop/github/EmiliaNatkaniec2/EmiliaNatkaniec2/EmiliaNatkaniec_2/Saved/Config/Windows/Scalability.ini]
[2023.04.29-08.54.54:581][  0]LogConfig: Setting CVar [[foliage.DensityScale:1.0]]
[2023.04.29-08.54.54:581][  0]LogConfig: Setting CVar [[grass.DensityScale:1.0]]
[2023.04.29-08.54.54:581][  0]LogConfig: Applying CVar settings from Section [ShadingQuality@3] File [C:/Users/emili/Desktop/github/EmiliaNatkaniec2/EmiliaNatkaniec2/EmiliaNatkaniec_2/Saved/Config/Windows/Scalability.ini]
[2023.04.29-08.54.54:581][  0]LogConfig: Setting CVar [[r.HairStrands.SkyLighting.IntegrationType:2]]
[2023.04.29-08.54.54:581][  0]LogConfig: Setting CVar [[r.HairStrands.SkyAO.SampleCount:4]]
[2023.04.29-08.54.54:581][  0]LogConfig: Setting CVar [[r.HairStrands.Visibility.MSAA.SamplePerPixel:4]]
[2023.04.29-08.54.54:581][  0]LogConfig: Applying CVar settings from Section [Startup] File [../../../Engine/Config/ConsoleVariables.ini]
[2023.04.29-08.54.54:581][  0]LogConfig: Setting CVar [[net.UseAdaptiveNetUpdateFrequency:0]]
[2023.04.29-08.54.54:581][  0]LogConfig: Setting CVar [[p.chaos.AllowCreatePhysxBodies:1]]
[2023.04.29-08.54.54:581][  0]LogConfig: Setting CVar [[fx.SkipVectorVMBackendOptimizations:1]]
[2023.04.29-08.54.54:581][  0]LogConfig: Applying CVar settings from Section [ConsoleVariables] File [C:/Users/emili/Desktop/github/EmiliaNatkaniec2/EmiliaNatkaniec2/EmiliaNatkaniec_2/Saved/Config/Windows/Engine.ini]
[2023.04.29-08.54.54:581][  0]LogConfig: Applying CVar settings from Section [ConsoleVariables] File [C:/Users/emili/Desktop/github/EmiliaNatkaniec2/EmiliaNatkaniec2/EmiliaNatkaniec_2/Saved/Config/Windows/Editor.ini]
[2023.04.29-08.54.54:581][  0]LogInit: Computer: EMI_DELL
[2023.04.29-08.54.54:581][  0]LogInit: User: emili
[2023.04.29-08.54.54:581][  0]LogInit: CPU Page size=4096, Cores=8
[2023.04.29-08.54.54:581][  0]LogInit: High frequency timer resolution =10.000000 MHz
[2023.04.29-08.54.54:581][  0]LogMemory: Memory total: Physical=15.7GB (16GB approx)
[2023.04.29-08.54.54:581][  0]LogMemory: Platform Memory Stats for Windows
[2023.04.29-08.54.54:581][  0]LogMemory: Process Physical Memory: 147.41 MB used, 147.41 MB peak
[2023.04.29-08.54.54:581][  0]LogMemory: Process Virtual Memory: 133.43 MB used, 133.43 MB peak
[2023.04.29-08.54.54:581][  0]LogMemory: Physical Memory: 7554.59 MB used,  8572.20 MB free, 16126.79 MB total
[2023.04.29-08.54.54:581][  0]LogMemory: Virtual Memory: 134208232.00 MB used,  9499.65 MB free, 134217728.00 MB total
[2023.04.29-08.54.54:789][  0]LogWindows: WindowsPlatformFeatures enabled
[2023.04.29-08.54.54:821][  0]LogInit: Physics initialised using underlying interface: PhysX
[2023.04.29-08.54.54:821][  0]LogInit: Using OS detected language (pl-PL).
[2023.04.29-08.54.54:821][  0]LogInit: Using OS detected locale (pl-PL).
[2023.04.29-08.54.54:823][  0]LogTextLocalizationManager: No specific localization for 'pl-PL' exists, so the 'pl' localization will be used.
[2023.04.29-08.54.54:823][  0]LogTextLocalizationResource: LocRes '../../../Engine/Content/Localization/Editor/pl/Editor.locres' could not be opened for reading!
[2023.04.29-08.54.54:823][  0]LogTextLocalizationResource: LocRes '../../../Engine/Content/Localization/EditorTutorials/pl/EditorTutorials.locres' could not be opened for reading!
[2023.04.29-08.54.54:823][  0]LogTextLocalizationResource: LocRes '../../../Engine/Content/Localization/Keywords/pl/Keywords.locres' could not be opened for reading!
[2023.04.29-08.54.54:823][  0]LogTextLocalizationResource: LocRes '../../../Engine/Content/Localization/Category/pl/Category.locres' could not be opened for reading!
[2023.04.29-08.54.54:823][  0]LogTextLocalizationResource: LocRes '../../../Engine/Content/Localization/ToolTips/pl/ToolTips.locres' could not be opened for reading!
[2023.04.29-08.54.54:824][  0]LogTextLocalizationResource: LocRes '../../../Engine/Content/Localization/PropertyNames/pl/PropertyNames.locres' could not be opened for reading!
[2023.04.29-08.54.54:824][  0]LogTextLocalizationResource: LocRes '../../../Engine/Content/Localization/Engine/pl/Engine.locres' could not be opened for reading!
[2023.04.29-08.54.54:824][  0]LogInit: Setting process to per monitor DPI aware
[2023.04.29-08.54.54:835][  0]LogWindowsTextInputMethodSystem: Display: IME system deactivated.
[2023.04.29-08.54.54:850][  0]LogSlate: New Slate User Created.  User Index 0, Is Virtual User: 0
[2023.04.29-08.54.54:850][  0]LogSlate: Slate User Registered.  User Index 0, Is Virtual User: 0
[2023.04.29-08.54.54:972][  0]LogD3D11RHI: Loaded GFSDK_Aftermath_Lib.x64.dll
[2023.04.29-08.54.55:010][  0]LogHMD: Failed to initialize OpenVR with code 110
[2023.04.29-08.54.55:010][  0]LogD3D11RHI: D3D11 min allowed feature level: 11_0
[2023.04.29-08.54.55:010][  0]LogD3D11RHI: D3D11 max allowed feature level: 11_0
[2023.04.29-08.54.55:010][  0]LogD3D11RHI: D3D11 adapters:
[2023.04.29-08.54.55:106][  0]LogD3D11RHI:    0. 'NVIDIA GeForce RTX 3060 Laptop GPU' (Feature Level 11_0)
[2023.04.29-08.54.55:106][  0]LogD3D11RHI:       6023/0/8063 MB DedicatedVideo/DedicatedSystem/SharedSystem, Outputs:1, VendorId:0x10de
[2023.04.29-08.54.55:140][  0]LogD3D11RHI:    1. 'Intel(R) UHD Graphics' (Feature Level 11_0)
[2023.04.29-08.54.55:140][  0]LogD3D11RHI:       128/0/8063 MB DedicatedVideo/DedicatedSystem/SharedSystem, Outputs:0, VendorId:0x8086
[2023.04.29-08.54.55:143][  0]LogD3D11RHI:    2. 'Microsoft Basic Render Driver' (Feature Level 11_0)
[2023.04.29-08.54.55:143][  0]LogD3D11RHI:       0/0/8063 MB DedicatedVideo/DedicatedSystem/SharedSystem, Outputs:0, VendorId:0x1414
[2023.04.29-08.54.55:143][  0]LogD3D11RHI: Chosen D3D11 Adapter:
[2023.04.29-08.54.55:143][  0]LogD3D11RHI:     Description : NVIDIA GeForce RTX 3060 Laptop GPU
[2023.04.29-08.54.55:143][  0]LogD3D11RHI:     VendorId    : 10de
[2023.04.29-08.54.55:143][  0]LogD3D11RHI:     DeviceId    : 2560
[2023.04.29-08.54.55:143][  0]LogD3D11RHI:     SubSysId    : a701028
[2023.04.29-08.54.55:143][  0]LogD3D11RHI:     Revision    : 00a1
[2023.04.29-08.54.55:143][  0]LogD3D11RHI:     DedicatedVideoMemory : 6315573248 bytes
[2023.04.29-08.54.55:143][  0]LogD3D11RHI:     DedicatedSystemMemory : 0 bytes
[2023.04.29-08.54.55:143][  0]LogD3D11RHI:     SharedSystemMemory : 8455079936 bytes
[2023.04.29-08.54.55:143][  0]LogD3D11RHI:     AdapterLuid : 0 77042
[2023.04.29-08.54.55:152][  0]LogD3D11RHI: Creating new Direct3DDevice
[2023.04.29-08.54.55:152][  0]LogD3D11RHI:     GPU DeviceId: 0x2560 (for the marketing name, search the web for "GPU Device Id")
[2023.04.29-08.54.55:152][  0]LogWindows: EnumDisplayDevices:
[2023.04.29-08.54.55:152][  0]LogWindows:    0. 'Intel(R) UHD Graphics' (P:1 D:1)
[2023.04.29-08.54.55:152][  0]LogWindows:    1. 'Intel(R) UHD Graphics' (P:0 D:0)
[2023.04.29-08.54.55:152][  0]LogWindows:    2. 'Intel(R) UHD Graphics' (P:0 D:0)
[2023.04.29-08.54.55:152][  0]LogWindows:    3. 'Intel(R) UHD Graphics' (P:0 D:0)
[2023.04.29-08.54.55:153][  0]LogWindows:    4. 'NVIDIA GeForce RTX 3060 Laptop GPU' (P:0 D:0)
[2023.04.29-08.54.55:153][  0]LogWindows:    5. 'NVIDIA GeForce RTX 3060 Laptop GPU' (P:0 D:0)
[2023.04.29-08.54.55:153][  0]LogWindows:    6. 'NVIDIA GeForce RTX 3060 Laptop GPU' (P:0 D:0)
[2023.04.29-08.54.55:153][  0]LogWindows:    7. 'NVIDIA GeForce RTX 3060 Laptop GPU' (P:0 D:0)
[2023.04.29-08.54.55:153][  0]LogWindows: DebugString: PrimaryIsNotTheChoosenAdapter PrimaryIsNotTheChoosenAdapter PrimaryIsNotTheChoosenAdapter PrimaryIsNotTheChoosenAdapter FoundDriverCount:4 
[2023.04.29-08.54.55:153][  0]LogD3D11RHI:     Adapter Name: NVIDIA GeForce RTX 3060 Laptop GPU
[2023.04.29-08.54.55:153][  0]LogD3D11RHI:   Driver Version: 512.72 (internal:30.0.15.1272, unified:512.72)
[2023.04.29-08.54.55:153][  0]LogD3D11RHI:      Driver Date: 5-2-2022
[2023.04.29-08.54.55:153][  0]LogRHI: Texture pool is 4216 MB (70% of 6023 MB)
[2023.04.29-08.54.55:153][  0]LogD3D11RHI: Creating D3DDevice using adapter:
[2023.04.29-08.54.55:153][  0]LogD3D11RHI:     Description : NVIDIA GeForce RTX 3060 Laptop GPU
[2023.04.29-08.54.55:153][  0]LogD3D11RHI:     VendorId    : 10de
[2023.04.29-08.54.55:153][  0]LogD3D11RHI:     DeviceId    : 2560
[2023.04.29-08.54.55:153][  0]LogD3D11RHI:     SubSysId    : a701028
[2023.04.29-08.54.55:153][  0]LogD3D11RHI:     Revision    : 00a1
[2023.04.29-08.54.55:154][  0]LogD3D11RHI:     DedicatedVideoMemory : 6315573248 bytes
[2023.04.29-08.54.55:154][  0]LogD3D11RHI:     DedicatedSystemMemory : 0 bytes
[2023.04.29-08.54.55:154][  0]LogD3D11RHI:     SharedSystemMemory : 8455079936 bytes
[2023.04.29-08.54.55:154][  0]LogD3D11RHI:     AdapterLuid : 0 77042
[2023.04.29-08.54.55:208][  0]LogD3D11RHI: RHI has support for 64 bit atomics
[2023.04.29-08.54.55:209][  0]LogD3D11RHI: Async texture creation enabled
[2023.04.29-08.54.55:209][  0]LogD3D11RHI: Array index from any shader is supported
[2023.04.29-08.54.55:229][  0]LogD3D11RHI: GPU Timing Frequency: 1000.000000 (Debug: 2 2)
[2023.04.29-08.54.55:250][  0]LogRHI: GeForceNow SDK initialized: 1
[2023.04.29-08.54.55:531][  0]LogTargetPlatformManager: Display: Loaded TargetPlatform 'AllDesktop'
[2023.04.29-08.54.55:551][  0]LogTargetPlatformManager: Display: Loaded TargetPlatform 'Android'
[2023.04.29-08.54.55:551][  0]LogTargetPlatformManager: Display: Loaded TargetPlatform 'Android_ASTC'
[2023.04.29-08.54.55:551][  0]LogTargetPlatformManager: Display: Loaded TargetPlatform 'Android_DXT'
[2023.04.29-08.54.55:551][  0]LogTargetPlatformManager: Display: Loaded TargetPlatform 'Android_ETC2'
[2023.04.29-08.54.55:551][  0]LogTargetPlatformManager: Display: Loaded TargetPlatform 'AndroidClient'
[2023.04.29-08.54.55:551][  0]LogTargetPlatformManager: Display: Loaded TargetPlatform 'Android_ASTCClient'
[2023.04.29-08.54.55:551][  0]LogTargetPlatformManager: Display: Loaded TargetPlatform 'Android_DXTClient'
[2023.04.29-08.54.55:551][  0]LogTargetPlatformManager: Display: Loaded TargetPlatform 'Android_ETC2Client'
[2023.04.29-08.54.55:551][  0]LogTargetPlatformManager: Display: Loaded TargetPlatform 'Android_Multi'
[2023.04.29-08.54.55:551][  0]LogTargetPlatformManager: Display: Loaded TargetPlatform 'Android_MultiClient'
[2023.04.29-08.54.55:577][  0]LogTargetPlatformManager: Display: Loaded TargetPlatform 'IOSClient'
[2023.04.29-08.54.55:577][  0]LogTargetPlatformManager: Display: Loaded TargetPlatform 'IOS'
[2023.04.29-08.54.55:588][  0]LogTargetPlatformManager: Display: Loaded TargetPlatform 'Linux'
[2023.04.29-08.54.55:592][  0]LogTargetPlatformManager: Display: Loaded TargetPlatform 'LinuxNoEditor'
[2023.04.29-08.54.55:596][  0]LogTargetPlatformManager: Display: Loaded TargetPlatform 'LinuxClient'
[2023.04.29-08.54.55:602][  0]LogTargetPlatformManager: Display: Loaded TargetPlatform 'LinuxServer'
[2023.04.29-08.54.55:612][  0]LogTargetPlatformManager: Display: Loaded TargetPlatform 'LinuxAArch64NoEditor'
[2023.04.29-08.54.55:617][  0]LogTargetPlatformManager: Display: Loaded TargetPlatform 'LinuxAArch64Client'
[2023.04.29-08.54.55:620][  0]LogTargetPlatformManager: Display: Loaded TargetPlatform 'LinuxAArch64Server'
[2023.04.29-08.54.55:638][  0]LogTargetPlatformManager: Display: Loaded TargetPlatform 'Lumin'
[2023.04.29-08.54.55:638][  0]LogTargetPlatformManager: Display: Loaded TargetPlatform 'LuminClient'
[2023.04.29-08.54.55:646][  0]LogTargetPlatformManager: Display: Loaded TargetPlatform 'MacNoEditor'
[2023.04.29-08.54.55:651][  0]LogTargetPlatformManager: Display: Loaded TargetPlatform 'Mac'
[2023.04.29-08.54.55:654][  0]LogTargetPlatformManager: Display: Loaded TargetPlatform 'MacClient'
[2023.04.29-08.54.55:657][  0]LogTargetPlatformManager: Display: Loaded TargetPlatform 'MacServer'
[2023.04.29-08.54.55:666][  0]LogTargetPlatformManager: Display: Loaded TargetPlatform 'TVOSClient'
[2023.04.29-08.54.55:666][  0]LogTargetPlatformManager: Display: Loaded TargetPlatform 'TVOS'
[2023.04.29-08.54.55:673][  0]LogTargetPlatformManager: Display: Loaded TargetPlatform 'WindowsNoEditor'
[2023.04.29-08.54.55:676][  0]LogTargetPlatformManager: Display: Loaded TargetPlatform 'Windows'
[2023.04.29-08.54.55:681][  0]LogTargetPlatformManager: Display: Loaded TargetPlatform 'WindowsClient'
[2023.04.29-08.54.55:685][  0]LogTargetPlatformManager: Display: Loaded TargetPlatform 'WindowsServer'
[2023.04.29-08.54.55:685][  0]LogTargetPlatformManager: Display: Building Assets For Windows
[2023.04.29-08.54.55:690][  0]LogAudioDebug: Display: Lib vorbis DLL was dynamically loaded.
[2023.04.29-08.54.55:716][  0]LogTextureFormatOodle: Display: Oodle Texture 2.9.0 init RDO Off
[2023.04.29-08.54.55:745][  0]LogRendererCore: Ray tracing is disabled. Reason: r.RayTracing=0.
[2023.04.29-08.54.55:745][  0]LogShaderCompilers: Guid format shader working directory is -51 characters bigger than the processId version (../../../../../../Users/emili/Desktop/github/EmiliaNatkaniec2/EmiliaNatkaniec2/EmiliaNatkaniec_2/Intermediate/Shaders/WorkingDirectory/14332/).
[2023.04.29-08.54.55:745][  0]LogShaderCompilers: Cleaned the shader compiler working directory 'C:/Users/emili/AppData/Local/Temp/UnrealShaderWorkingDir/968581414DB49074F8A070A23835E944/'.
[2023.04.29-08.54.55:745][  0]LogXGEController: Cannot use XGE Controller as Incredibuild is not installed on this machine.
[2023.04.29-08.54.55:745][  0]LogShaderCompilers: Cannot use XGE Shader Compiler as Incredibuild is not installed on this machine.
[2023.04.29-08.54.55:745][  0]LogShaderCompilers: Display: Using Local Shader Compiler.
[2023.04.29-08.54.56:391][  0]LogDerivedDataCache: Display: Max Cache Size: 512 MB
[2023.04.29-08.54.56:440][  0]LogDerivedDataCache: Loaded boot cache 0.05s 94MB C:/Users/emili/AppData/Local/UnrealEngine/4.27/DerivedDataCache/Boot.ddc.
[2023.04.29-08.54.56:440][  0]LogDerivedDataCache: Display: Loaded Boot cache: C:/Users/emili/AppData/Local/UnrealEngine/4.27/DerivedDataCache/Boot.ddc
[2023.04.29-08.54.56:440][  0]LogDerivedDataCache: FDerivedDataBackendGraph:  Pak pak cache file ../../../../../../Users/emili/Desktop/github/EmiliaNatkaniec2/EmiliaNatkaniec2/EmiliaNatkaniec_2/DerivedDataCache/DDC.ddp not found, will not use a pak cache.
[2023.04.29-08.54.56:440][  0]LogDerivedDataCache: Unable to find inner node Pak for hierarchical cache Hierarchy.
[2023.04.29-08.54.56:440][  0]LogDerivedDataCache: FDerivedDataBackendGraph:  CompressedPak pak cache file ../../../../../../Users/emili/Desktop/github/EmiliaNatkaniec2/EmiliaNatkaniec2/EmiliaNatkaniec_2/DerivedDataCache/Compressed.ddp not found, will not use a pak cache.
[2023.04.29-08.54.56:440][  0]LogDerivedDataCache: Unable to find inner node CompressedPak for hierarchical cache Hierarchy.
[2023.04.29-08.54.56:454][  0]LogDerivedDataCache: Display: Pak cache opened for reading ../../../Engine/DerivedDataCache/Compressed.ddp.
[2023.04.29-08.54.56:454][  0]LogDerivedDataCache: FDerivedDataBackendGraph:  EnterprisePak pak cache file ../../../Enterprise/DerivedDataCache/Compressed.ddp not found, will not use a pak cache.
[2023.04.29-08.54.56:454][  0]LogDerivedDataCache: Unable to find inner node EnterprisePak for hierarchical cache Hierarchy.
[2023.04.29-08.54.56:460][  0]LogDerivedDataCache: Speed tests for C:/Users/emili/AppData/Local/UnrealEngine/Common/DerivedDataCache took 0.01 seconds
[2023.04.29-08.54.56:460][  0]LogDerivedDataCache: Display: Performance to C:/Users/emili/AppData/Local/UnrealEngine/Common/DerivedDataCache: Latency=0.02ms. RandomReadSpeed=1235.63MBs, RandomWriteSpeed=180.90MBs. Assigned SpeedClass 'Local'
[2023.04.29-08.54.56:461][  0]LogDerivedDataCache: Using Local data cache path C:/Users/emili/AppData/Local/UnrealEngine/Common/DerivedDataCache: Writable
[2023.04.29-08.54.56:461][  0]LogDerivedDataCache: Shared data cache path not found in *engine.ini, will not use an Shared cache.
[2023.04.29-08.54.56:461][  0]LogDerivedDataCache: Unable to find inner node Shared for hierarchical cache Hierarchy.
[2023.04.29-08.54.56:502][  0]LogSlate: Using FreeType 2.10.0
[2023.04.29-08.54.56:503][  0]LogSlate: SlateFontServices - WITH_FREETYPE: 1, WITH_HARFBUZZ: 1
[2023.04.29-08.54.56:529][  0]LogAssetRegistry: FAssetRegistry took 0.0028 seconds to start up
[2023.04.29-08.54.56:760][  0]LogInit: Selected Device Profile: [Windows]
[2023.04.29-08.54.56:760][  0]LogInit: Active device profile: [0000026D58C22C00][0000026D5901FB80 49] Windows
[2023.04.29-08.54.56:760][  0]LogInit: Profiles: [0000026D58C22C00][0000026D5901FB80 49] Windows, [0000026D58BC1200][0000026D590262C0 49] WindowsNoEditor, [0000026D58C22500][0000026D4FCF0580 49] WindowsServer, [0000026D58BC1800][0000026D4FCF4840 49] WindowsClient, [0000026D58C21F00][0000026D4FF4AB00 49] IOS, [0000026D58BC1C00][0000026D59022D80 49] iPadAir, [0000026D58BC0500][0000026D52923040 49] iPadAir2, [0000026D58B71300][0000026D4F50F580 49] IPadPro, [0000026D58B71400][0000026D5291F5C0 49] iPadAir3, [0000026D58C22100][0000026D4FF47880 49] iPadAir4, [0000026D58B70200][0000026D5290FB40 49] iPadMini2, [0000026D58C22900][0000026D4FF42280 49] iPadMini3, [0000026D58B72C00][0000026D529A2540 49] iPadMini4, [0000026D58BC2500][0000026D4FCF8800 49] iPadMini5, [0000026D58B85000][0000026D4FD0CD40 49] iPhone6, [0000026D58B85100][0000026D4FCFCD80 49] iPodTouch6, [0000026D58B73E00][0000026D4FD15280 49] iPhone7, [0000026D58B73D00][0000026D529272C0 49] iPodTouch7, [0000026D58B84400][0000026D4FD09580 49] iPhone5S, [0000026D58C22700][0000026D4FD01840 49] iPhone6Plus, [0000026D58B85500][0000026D4FD11B00 49] iPhone6S, [0000026D58B73A00][0000026D4FD18240 49] iPhone6SPlus, [0000026D58B84800][0000026D4FD1C500 49] iPhone7Plus, [0000026D58B70A00][0000026D4F6727C0 49] iPhoneSE, [0000026D58B85900][0000026D4F676A80 49] iPhone8, [0000026D58B72000][0000026D4F67AD40 49] iPhone8Plus, [0000026D58B84C00][0000026D4FD04FC0 49] iPhoneX, [0000026D58B71000][0000026D4F67F240 49] iPhoneXS, [0000026D58B86000][0000026D4F687500 49] iPhoneXSMax, [0000026D58B73400][0000026D4F68B7C0 49] iPhoneXR, [0000026D58B87800][0000026D4F68FA80 49] iPhone11, [0000026D58B71C00][0000026D4F6921C0 49] iPhone11Pro, [0000026D58B86500][0000026D4F696480 49] iPhone11ProMax, [0000026D58B72E00][0000026D4F69A740 49] iPhoneSE2, [0000026D58B87600][0000026D4F69EA00 49] iPhone12Mini, [0000026D58B71E00][0000026D4F6A2CC0 49] iPhone12, [0000026D58B84D00][0000026D4F6A6F80 49] iPhone12Pro, [0000026D58B73C00][0000026D4F683200 49] iPhone12ProMax, [0000026D58B84700][0000026D4F6AB480 49] iPadPro105, [0000026D58B73500][0000026D4F6B3740 49] iPadPro129, [0000026D58B87F00][0000026D4F6B7A00 49] iPadPro97, [0000026D58B71200][0000026D4F6BA140 49] iPadPro2_129, [0000026D58B84A00][0000026D4F6BE400 49] iPad5, [0000026D58B71F00][0000026D4F6C26C0 49] iPad6, [0000026D58B85B00][0000026D4F6C6980 49] iPad7, [0000026D58B73800][0000026D4F6CAC40 49] iPad8, [0000026D58B87B00][0000026D4F6CEF00 49] iPadPro11, [0000026D58B72700][0000026D4F6D31C0 49] iPadPro2_11, [0000026D58B85200][0000026D4F6AF440 49] iPadPro3_129, [0000026D58B73000][0000026D4F6D76C0 49] iPadPro4_129, [0000026D58B85D00][0000026D4F6DF980 49] AppleTV, [0000026D58B73700][0000026D4FC580C0 49] AppleTV4K, [0000026D58B85600][0000026D4FC5C380 49] TVOS, [0000026D58B70700][0000026D4FC60640 49] Mac, [0000026D58B85C00][0000026D4FC64900 49] MacClient, [0000026D58B73B00][0000026D4FC68BC0 49] MacNoEditor, [0000026D58B86700][0000026D4FC6CE80 49] MacServer, [0000026D58B70E00][0000026D4FC71140 49] Linux, [0000026D58B86300][0000026D4FC75400 49] LinuxAArch64, [0000026D58B71900][0000026D4F6DB680 49] LinuxNoEditor, [0000026D58B87000][0000026D4FC79900 49] LinuxAArch64NoEditor, [0000026D58B72100][0000026D4FC81BC0 49] LinuxClient, [0000026D58B86100][0000026D4FC84300 49] LinuxAArch64Client, [0000026D58B73200][0000026D4FC885C0 49] LinuxServer, [0000026D58B84E00][0000026D4FC8C880 49] LinuxAArch64Server, [0000026D58B70C00][0000026D4FC90B40 49] Android, [0000026D58B86900][0000026D4FC94E00 49] Android_Low, [0000026D58B71500][0000026D4FC990C0 49] Android_Mid, [0000026D58B86B00][0000026D4FC9D380 49] Android_High, [0000026D58B70100][0000026D4FCA1640 49] Android_Default, [0000026D58B87300][0000026D4FC7D8C0 49] Android_Adreno4xx, [0000026D58B71A00][0000026D4FCA5B40 49] Android_Adreno5xx_Low, [0000026D58B87500][0000026D4FCAC280 49] Android_Adreno5xx, [0000026D58C21500][0000026D4FCB0540 49] Android_Adreno6xx, [0000026D58BC1300][0000026D4FCB4800 49] Android_Adreno6xx_Vulkan, [0000026D58C20100][0000026D4FCB8AC0 49] Android_Mali_T6xx, [0000026D58BC3F00][0000026D4FCBCD80 49] Android_Mali_T7xx, [0000026D58C22D00][0000026D4FCC1040 49] Android_Mali_T8xx, [0000026D58BC3800][0000026D4FCC5300 49] Android_Mali_G71, [0000026D58C23000][0000026D4FCC95C0 49] Android_Mali_G72, [0000026D58BC0E00][0000026D4FCCD880 49] Android_Mali_G72_Vulkan, [0000026D58C22300][0000026D4FCA9B00 49] Android_Mali_G76, [0000026D58BC2B00][0000026D4FCD0200 49] Android_Mali_G76_Vulkan, [0000026D58C22F00][0000026D4FCD84C0 49] Android_Mali_G77, [0000026D58BC2F00][0000026D4FCDC780 49] Android_Mali_G77_Vulkan, [0000026D58C20D00][0000026D4FCE0A40 49] Android_Mali_G78, [0000026D58BC2400][0000026D4FCE4D00 49] Android_Mali_G78_Vulkan, [0000026D58C21800][0000026D4FCE8FC0 49] Android_Mali_G710, [0000026D58BC0600][0000026D4FCED280 49] Android_Mali_G710_Vulkan, [0000026D58C20A00][0000026D58DD1540 49] Android_Vulkan_SM5, [0000026D58BC3E00][0000026D58DD5800 49] Android_PowerVR_G6xxx, [0000026D58C21700][0000026D58DD9AC0 49] Android_PowerVR_GT7xxx, [0000026D58BC1900][0000026D4FCD41C0 49] Android_PowerVR_GE8xxx, [0000026D58C21B00][0000026D58DDC440 49] Android_PowerVR_GM9xxx, [0000026D58BC0100][0000026D58DE4700 49] Android_PowerVR_GM9xxx_Vulkan, [0000026D58C20300][0000026D58DE89C0 49] Android_TegraK1, [0000026D58BC1B00][0000026D58DECC80 49] Android_Unknown_Vulkan, [0000026D58B86200][0000026D58DF0F40 49] Lumin, [0000026D58BC0C00][0000026D58DF5200 49] Lumin_Desktop, [0000026D58B84200][0000026D58DF94C0 49] HoloLens, 
[2023.04.29-08.54.56:880][  0]LogMeshReduction: Using QuadricMeshReduction for automatic static mesh reduction
[2023.04.29-08.54.56:880][  0]LogMeshReduction: Using SimplygonMeshReduction for automatic skeletal mesh reduction
[2023.04.29-08.54.56:880][  0]LogMeshReduction: Using ProxyLODMeshReduction for automatic mesh merging
[2023.04.29-08.54.56:880][  0]LogMeshReduction: No distributed automatic mesh merging module available
[2023.04.29-08.54.56:880][  0]LogMeshMerging: No distributed automatic mesh merging module available
[2023.04.29-08.54.56:894][  0]LogNetVersion: EmiliaNatkaniec_2 1.0.0, NetCL: 17155196, EngineNetVer: 17, GameNetVer: 0 (Checksum: 798168225)
[2023.04.29-08.54.57:224][  0]LogTexture: Default maximum texture size for cubemaps generated from long-lat sources has been changed from 512 to unlimited. In order to preserve old behaiour for '/Engine/MapTemplates/Sky/DaylightAmbientCubemap.DaylightAmbientCubemap', its maximum texture size has been explicitly set to 512.
[2023.04.29-08.54.57:274][  0]LogHMD: PokeAHoleMaterial loaded successfully
[2023.04.29-08.54.57:278][  0]LogUObjectArray: 17178 objects as part of root set at end of initial load.
[2023.04.29-08.54.57:278][  0]LogUObjectAllocator: 4302048 out of 0 bytes used by permanent object pool.
[2023.04.29-08.54.57:278][  0]LogUObjectArray: CloseDisregardForGC: 0/0 objects in disregard for GC pool
[2023.04.29-08.54.57:501][  0]LogPython: Using Python 3.7.7
[2023.04.29-08.54.57:915][  0]LogNiagaraDebuggerClient: Niagara Debugger Client Initialized | Session: B3BA612548D7896D3FA7CEA99043096F | Instance: A05C990843D309BE5D85A3B3F8A8B13A (EMI_DELL-14332).
[2023.04.29-08.54.58:015][  0]LogUdpMessaging: Initializing bridge on interface 0.0.0.0:0 to multicast group 230.0.0.1:6666.
[2023.04.29-08.54.58:020][  0]LogTcpMessaging: Initializing TcpMessaging bridge
[2023.04.29-08.54.58:152][  0]SourceControl: Source control is disabled
[2023.04.29-08.54.58:152][  0]SourceControl: Source control is disabled
[2023.04.29-08.54.58:154][  0]SourceControl: Source control is disabled
[2023.04.29-08.54.58:157][  0]SourceControl: Source control is disabled
[2023.04.29-08.54.58:161][  0]SourceControl: Source control is disabled
[2023.04.29-08.54.58:167][  0]LogUProjectInfo: Found projects:
[2023.04.29-08.54.58:172][  0]LogVSAccessor: Display: Unable to create Visual Studio setup instance: 80040154
[2023.04.29-08.54.58:173][  0]LogVSAccessor: Display: Unable to create Visual Studio setup instance: 80040154
[2023.04.29-08.54.58:173][  0]LogVSAccessor: Display: Unable to create Visual Studio setup instance: 80040154
[2023.04.29-08.54.58:389][  0]LogOpenImageDenoise: OIDN starting up
[2023.04.29-08.54.58:446][  0]LogAndroidPermission: UAndroidPermissionCallbackProxy::GetInstance
[2023.04.29-08.54.58:458][  0]LogAudioCaptureCore: Display: No Audio Capture implementations found. Audio input will be silent.
[2023.04.29-08.54.58:458][  0]LogAudioCaptureCore: Display: No Audio Capture implementations found. Audio input will be silent.
[2023.04.29-08.54.58:568][  0]LogCollectionManager: Loaded 0 collections in 0.001317 seconds
[2023.04.29-08.54.58:588][  0]LogFileCache: Scanning file cache for directory 'C:/Users/emili/Desktop/github/EmiliaNatkaniec2/EmiliaNatkaniec2/EmiliaNatkaniec_2/Saved/Collections/' took 0.00s
[2023.04.29-08.54.58:588][  0]LogFileCache: Scanning file cache for directory 'C:/Users/emili/Desktop/github/EmiliaNatkaniec2/EmiliaNatkaniec2/EmiliaNatkaniec_2/Content/Developers/emili/Collections/' took 0.00s
[2023.04.29-08.54.58:588][  0]LogFileCache: Scanning file cache for directory 'C:/Users/emili/Desktop/github/EmiliaNatkaniec2/EmiliaNatkaniec2/EmiliaNatkaniec_2/Content/Collections/' took 0.00s
[2023.04.29-08.54.58:588][  0]LogOcInput: OculusInput pre-init called
[2023.04.29-08.54.58:828][  0]LogEngine: Initializing Engine...
[2023.04.29-08.54.58:830][  0]LogHMD: Failed to enumerate extensions. Please check that you have a valid OpenXR runtime installed.
[2023.04.29-08.54.58:830][  0]LogHMD: Failed to initialize OpenVR with code 110
[2023.04.29-08.54.58:830][  0]LogMagicLeap: Warning: VR disabled because ZI is not enabled.  To enable, in the editor, Edit -> Project Settings -> Plugins -> Magic Leap Plugin -> Enable Zero Iteration
[2023.04.29-08.54.58:831][  0]LogStats: UGameplayTagsManager::InitializeManager -  0.000 s
[2023.04.29-08.54.58:924][  0]LogInit: Initializing FReadOnlyCVARCache
[2023.04.29-08.54.58:933][  0]LogAIModule: Creating AISystem for world Untitled
[2023.04.29-08.54.58:939][  0]LogAudio: Display: Initializing Audio Device Manager...
[2023.04.29-08.54.58:943][  0]LogAudio: Display: Loading Default Audio Settings Objects...
[2023.04.29-08.54.58:944][  0]LogAudio: Display: No default SoundConcurrencyObject specified (or failed to load).
[2023.04.29-08.54.58:944][  0]LogAudio: Display: Audio Device Manager Initialized
[2023.04.29-08.54.58:944][  0]LogAudio: Display: Creating Audio Device:                 Id: 1, Scope: Shared, Realtime: True
[2023.04.29-08.54.58:944][  0]LogAudioMixer: Display: Audio Mixer Platform Settings:
[2023.04.29-08.54.58:944][  0]LogAudioMixer: Display: 	Sample Rate:						  48000
[2023.04.29-08.54.58:944][  0]LogAudioMixer: Display: 	Callback Buffer Frame Size Requested: 1024
[2023.04.29-08.54.58:944][  0]LogAudioMixer: Display: 	Callback Buffer Frame Size To Use:	  1024
[2023.04.29-08.54.58:944][  0]LogAudioMixer: Display: 	Number of buffers to queue:			  2
[2023.04.29-08.54.58:944][  0]LogAudioMixer: Display: 	Max Channels (voices):				  32
[2023.04.29-08.54.58:944][  0]LogAudioMixer: Display: 	Number of Async Source Workers:		  0
[2023.04.29-08.54.58:945][  0]LogAudio: Display: AudioDevice MaxSources: 32
[2023.04.29-08.54.58:945][  0]LogAudio: Display: Audio Spatialization Plugin: None (built-in).
[2023.04.29-08.54.58:945][  0]LogAudio: Display: Audio Reverb Plugin: None (built-in).
[2023.04.29-08.54.58:945][  0]LogAudio: Display: Audio Occlusion Plugin: None (built-in).
[2023.04.29-08.54.58:945][  0]LogAudioMixer: Display: Initializing audio mixer.
[2023.04.29-08.54.59:029][  0]LogAudioMixer: Display: 0: FrontLeft
[2023.04.29-08.54.59:029][  0]LogAudioMixer: Display: 1: FrontRight
[2023.04.29-08.54.59:029][  0]LogAudioMixer: Display: 2: FrontCenter
[2023.04.29-08.54.59:029][  0]LogAudioMixer: Display: 3: LowFrequency
[2023.04.29-08.54.59:029][  0]LogAudioMixer: Display: 4: BackLeft
[2023.04.29-08.54.59:029][  0]LogAudioMixer: Display: 5: BackRight
[2023.04.29-08.54.59:029][  0]LogAudioMixer: Display: 6: SideLeft
[2023.04.29-08.54.59:029][  0]LogAudioMixer: Display: 7: SideRight
[2023.04.29-08.54.59:177][  0]LogAudioMixer: Display: Using Audio Device Speakers (Realtek(R) Audio)
[2023.04.29-08.54.59:178][  0]LogAudioMixer: Display: Initializing Sound Submixes...
[2023.04.29-08.54.59:180][  0]LogAudioMixer: Display: Creating Master Submix 'MasterSubmixDefault'
[2023.04.29-08.54.59:180][  0]LogAudioMixer: Display: Creating Master Submix 'MasterReverbSubmixDefault'
[2023.04.29-08.54.59:181][  0]LogAudioMixer: Display: Creating Master Submix 'MasterEQSubmixDefault'
[2023.04.29-08.54.59:181][  0]LogAudioMixer: FMixerPlatformXAudio2::StartAudioStream() called
[2023.04.29-08.54.59:181][  0]LogAudioMixer: Display: Output buffers initialized: Frames=1024, Channels=8, Samples=8192
[2023.04.29-08.54.59:183][  0]LogAudioMixer: Display: Starting AudioMixerPlatformInterface::RunInternal()
[2023.04.29-08.54.59:183][  0]LogAudioMixer: Display: FMixerPlatformXAudio2::SubmitBuffer() called for the first time
[2023.04.29-08.54.59:183][  0]LogInit: FAudioDevice initialized.
[2023.04.29-08.54.59:183][  0]LogAudio: Display: Audio Device (ID: 1) registered with world 'Untitled'.
[2023.04.29-08.54.59:183][  0]LogNetVersion: Set ProjectVersion to 1.0.0.0. Version Checksum will be recalculated on next use.
[2023.04.29-08.54.59:236][  0]LogDerivedDataCache: Saved boot cache 0.05s 94MB C:/Users/emili/AppData/Local/UnrealEngine/4.27/DerivedDataCache/Boot.ddc.
[2023.04.29-08.54.59:238][  0]LogInit: Texture streaming: Enabled
[2023.04.29-08.54.59:249][  0]LogAnalytics: Display: [UEEditor.Rocket.Release] APIServer = https://datarouter.ol.epicgames.com/. AppVersion = 4.27.2-18319896+++UE4+Release-4.27
[2023.04.29-08.54.59:251][  0]LogEngineSessionManager: EngineSessionManager initialized
[2023.04.29-08.54.59:251][  0]LogEditorSessionSummary: Verbose: Initializing EditorSessionSummaryWriter for editor session tracking
[2023.04.29-08.54.59:252][  0]LogEditorSessionSummary: EditorSessionSummaryWriter initialized
[2023.04.29-08.54.59:277][  0]LogInit: Transaction tracking system initialized
[2023.04.29-08.54.59:296][  0]BlueprintLog: New page: Editor Load
[2023.04.29-08.54.59:345][  0]LocalizationService: Localization service is disabled
[2023.04.29-08.54.59:365][  0]TimingProfiler: Initialize
[2023.04.29-08.54.59:365][  0]TimingProfiler: OnSessionChanged
[2023.04.29-08.54.59:365][  0]LoadingProfiler: Initialize
[2023.04.29-08.54.59:365][  0]LoadingProfiler: OnSessionChanged
[2023.04.29-08.54.59:365][  0]NetworkingProfiler: Initialize
[2023.04.29-08.54.59:365][  0]NetworkingProfiler: OnSessionChanged
[2023.04.29-08.54.59:365][  0]MemoryProfiler: Initialize
[2023.04.29-08.54.59:365][  0]MemoryProfiler: OnSessionChanged
[2023.04.29-08.54.59:411][  0]LogVSAccessor: Display: Unable to create Visual Studio setup instance: 80040154
[2023.04.29-08.54.59:411][  0]LogVSAccessor: Display: Unable to create Visual Studio setup instance: 80040154
[2023.04.29-08.54.59:412][  0]LogVSAccessor: Display: Unable to create Visual Studio setup instance: 80040154
[2023.04.29-08.54.59:494][  0]LogCook: Display: CookSettings for Memory: MemoryMaxUsedVirtual 0MiB, MemoryMaxUsedPhysical 16384MiB, MemoryMinFreeVirtual 0MiB, MemoryMinFreePhysical 1024MiB
[2023.04.29-08.54.59:494][  0]LogCook: Display: Mobile HDR setting 1
[2023.04.29-08.54.59:597][  0]LogFileCache: Scanning file cache for directory 'C:/Users/emili/Desktop/github/EmiliaNatkaniec2/EmiliaNatkaniec2/EmiliaNatkaniec_2/Content/' took 0.01s
[2023.04.29-08.54.59:885][  0]LogInit: Display: Engine is initialized. Leaving FEngineLoop::Init()
[2023.04.29-08.54.59:887][  0]SourceControl: Source control is disabled
[2023.04.29-08.54.59:888][  0]LogUnrealEdMisc: Loading editor; pre map load, took 6.244
[2023.04.29-08.54.59:888][  0]Cmd: MAP LOAD FILE="../../../../../../Users/emili/Desktop/github/EmiliaNatkaniec2/EmiliaNatkaniec2/EmiliaNatkaniec_2/Content/levels/mainLevel.umap" TEMPLATE=0 SHOWPROGRESS=1 FEATURELEVEL=3
[2023.04.29-08.54.59:888][  0]LightingResults: New page: Lighting Build
[2023.04.29-08.54.59:889][  0]LogWorld: UWorld::CleanupWorld for Untitled, bSessionEnded=true, bCleanupResources=true
[2023.04.29-08.54.59:889][  0]LogSlate: InvalidateAllWidgets triggered.  All widgets were invalidated
[2023.04.29-08.54.59:889][  0]MapCheck: New page: Map Check
[2023.04.29-08.54.59:889][  0]LightingResults: New page: Lighting Build
[2023.04.29-08.54.59:894][  0]LogAudio: Display: Audio Device unregistered from world 'None'.
[2023.04.29-08.54.59:897][  0]LogUObjectHash: Compacting FUObjectHashTables data took   0.65ms
[2023.04.29-08.54.59:999][  0]LogTexture: Default maximum texture size for cubemaps generated from long-lat sources has been changed from 512 to unlimited. In order to preserve old behaiour for '/Game/StarterContent/HDRI/HDRI_Epic_Courtyard_Daylight.HDRI_Epic_Courtyard_Daylight', its maximum texture size has been explicitly set to 512.
[2023.04.29-08.55.00:117][  0]LogAudio: Display: Audio Device (ID: 1) registered with world 'mainLevel'.
[2023.04.29-08.55.00:118][  0]LogAIModule: Creating AISystem for world mainLevel
[2023.04.29-08.55.00:151][  0]LogEditorServer: Finished looking for orphan Actors (0.000 secs)
[2023.04.29-08.55.00:160][  0]LogUObjectHash: Compacting FUObjectHashTables data took   0.69ms
[2023.04.29-08.55.00:162][  0]Cmd: MAP CHECKDEP NOCLEARLOG
[2023.04.29-08.55.00:162][  0]MapCheck: Map check complete: 0 Error(s), 0 Warning(s), took 0,134ms to complete.
[2023.04.29-08.55.00:162][  0]LogFileHelpers: Loading map 'mainLevel' took 0.275
[2023.04.29-08.55.00:164][  0]LogUnrealEdMisc: Total Editor Startup Time, took 6.520
[2023.04.29-08.55.00:298][  0]LogSlate: Updating window title bar state: overlay mode, drag disabled, window buttons hidden, title bar hidden
[2023.04.29-08.55.00:310][  0]LogNativeClassHierarchy: Verbose: Native class hierarchy populated in 0.0081 seconds. Added 3822 classes and 928 folders.
[2023.04.29-08.55.00:312][  0]LogNativeClassHierarchy: Verbose: Native class hierarchy updated for 'WidgetCarousel' in 0.0002 seconds. Added 0 classes and 0 folders.
[2023.04.29-08.55.00:313][  0]LogPakFile: PakFile PrimaryIndexSize=187
[2023.04.29-08.55.00:313][  0]LogPakFile: PakFile PathHashIndexSize=101
[2023.04.29-08.55.00:313][  0]LogPakFile: PakFile FullDirectoryIndexSize=148
[2023.04.29-08.55.00:313][  0]LogShaderLibrary: Display: ShaderCodeLibraryPakFileMountedCallback: PakFile 'C:/Program Files/Epic Games/UE_4.27/FeaturePacks/FP_FirstPerson.upack' (chunk index -1, root 'root:/') mounted
[2023.04.29-08.55.00:313][  0]LogShaderLibrary: Display: ShaderCodeLibraryPakFileMountedCallback: pending pak file info (ChunkID:-1 Root:root:/ File:C:/Program Files/Epic Games/UE_4.27/FeaturePacks/FP_FirstPerson.upack)
[2023.04.29-08.55.00:313][  0]LogPakFile: OnPakFileMounted2Time == 0.000045
[2023.04.29-08.55.00:314][  0]LogPakFile: PakFile PrimaryIndexSize=189
[2023.04.29-08.55.00:314][  0]LogPakFile: PakFile PathHashIndexSize=101
[2023.04.29-08.55.00:314][  0]LogPakFile: PakFile FullDirectoryIndexSize=152
[2023.04.29-08.55.00:314][  0]LogShaderLibrary: Display: ShaderCodeLibraryPakFileMountedCallback: PakFile 'C:/Program Files/Epic Games/UE_4.27/FeaturePacks/FP_FirstPersonBP.upack' (chunk index -1, root 'root:/') mounted
[2023.04.29-08.55.00:314][  0]LogShaderLibrary: Display: ShaderCodeLibraryPakFileMountedCallback: pending pak file info (ChunkID:-1 Root:root:/ File:C:/Program Files/Epic Games/UE_4.27/FeaturePacks/FP_FirstPersonBP.upack)
[2023.04.29-08.55.00:314][  0]LogPakFile: OnPakFileMounted2Time == 0.000026
[2023.04.29-08.55.00:314][  0]LogPakFile: PakFile PrimaryIndexSize=191
[2023.04.29-08.55.00:314][  0]LogPakFile: PakFile PathHashIndexSize=101
[2023.04.29-08.55.00:314][  0]LogPakFile: PakFile FullDirectoryIndexSize=160
[2023.04.29-08.55.00:314][  0]LogShaderLibrary: Display: ShaderCodeLibraryPakFileMountedCallback: PakFile 'C:/Program Files/Epic Games/UE_4.27/FeaturePacks/MobileStarterContent.upack' (chunk index -1, root 'root:/') mounted
[2023.04.29-08.55.00:314][  0]LogShaderLibrary: Display: ShaderCodeLibraryPakFileMountedCallback: pending pak file info (ChunkID:-1 Root:root:/ File:C:/Program Files/Epic Games/UE_4.27/FeaturePacks/MobileStarterContent.upack)
[2023.04.29-08.55.00:314][  0]LogPakFile: OnPakFileMounted2Time == 0.000021
[2023.04.29-08.55.00:314][  0]LogPakFile: PakFile PrimaryIndexSize=185
[2023.04.29-08.55.00:314][  0]LogPakFile: PakFile PathHashIndexSize=101
[2023.04.29-08.55.00:314][  0]LogPakFile: PakFile FullDirectoryIndexSize=148
[2023.04.29-08.55.00:314][  0]LogShaderLibrary: Display: ShaderCodeLibraryPakFileMountedCallback: PakFile 'C:/Program Files/Epic Games/UE_4.27/FeaturePacks/StarterContent.upack' (chunk index -1, root 'root:/') mounted
[2023.04.29-08.55.00:314][  0]LogShaderLibrary: Display: ShaderCodeLibraryPakFileMountedCallback: pending pak file info (ChunkID:-1 Root:root:/ File:C:/Program Files/Epic Games/UE_4.27/FeaturePacks/StarterContent.upack)
[2023.04.29-08.55.00:314][  0]LogPakFile: OnPakFileMounted2Time == 0.000054
[2023.04.29-08.55.00:314][  0]LogPakFile: PakFile PrimaryIndexSize=190
[2023.04.29-08.55.00:314][  0]LogPakFile: PakFile PathHashIndexSize=101
[2023.04.29-08.55.00:314][  0]LogPakFile: PakFile FullDirectoryIndexSize=154
[2023.04.29-08.55.00:314][  0]LogShaderLibrary: Display: ShaderCodeLibraryPakFileMountedCallback: PakFile 'C:/Program Files/Epic Games/UE_4.27/FeaturePacks/TP_2DSideScroller.upack' (chunk index -1, root 'root:/') mounted
[2023.04.29-08.55.00:314][  0]LogShaderLibrary: Display: ShaderCodeLibraryPakFileMountedCallback: pending pak file info (ChunkID:-1 Root:root:/ File:C:/Program Files/Epic Games/UE_4.27/FeaturePacks/TP_2DSideScroller.upack)
[2023.04.29-08.55.00:314][  0]LogPakFile: OnPakFileMounted2Time == 0.000022
[2023.04.29-08.55.00:316][  0]LogPakFile: PakFile PrimaryIndexSize=192
[2023.04.29-08.55.00:316][  0]LogPakFile: PakFile PathHashIndexSize=101
[2023.04.29-08.55.00:316][  0]LogPakFile: PakFile FullDirectoryIndexSize=158
[2023.04.29-08.55.00:316][  0]LogShaderLibrary: Display: ShaderCodeLibraryPakFileMountedCallback: PakFile 'C:/Program Files/Epic Games/UE_4.27/FeaturePacks/TP_2DSideScrollerBP.upack' (chunk index -1, root 'root:/') mounted
[2023.04.29-08.55.00:316][  0]LogShaderLibrary: Display: ShaderCodeLibraryPakFileMountedCallback: pending pak file info (ChunkID:-1 Root:root:/ File:C:/Program Files/Epic Games/UE_4.27/FeaturePacks/TP_2DSideScrollerBP.upack)
[2023.04.29-08.55.00:316][  0]LogPakFile: OnPakFileMounted2Time == 0.000032
[2023.04.29-08.55.00:316][  0]LogPakFile: PakFile PrimaryIndexSize=182
[2023.04.29-08.55.00:316][  0]LogPakFile: PakFile PathHashIndexSize=101
[2023.04.29-08.55.00:316][  0]LogPakFile: PakFile FullDirectoryIndexSize=138
[2023.04.29-08.55.00:316][  0]LogShaderLibrary: Display: ShaderCodeLibraryPakFileMountedCallback: PakFile 'C:/Program Files/Epic Games/UE_4.27/FeaturePacks/TP_Flying.upack' (chunk index -1, root 'root:/') mounted
[2023.04.29-08.55.00:316][  0]LogShaderLibrary: Display: ShaderCodeLibraryPakFileMountedCallback: pending pak file info (ChunkID:-1 Root:root:/ File:C:/Program Files/Epic Games/UE_4.27/FeaturePacks/TP_Flying.upack)
[2023.04.29-08.55.00:316][  0]LogPakFile: OnPakFileMounted2Time == 0.000030
[2023.04.29-08.55.00:316][  0]LogPakFile: PakFile PrimaryIndexSize=184
[2023.04.29-08.55.00:316][  0]LogPakFile: PakFile PathHashIndexSize=101
[2023.04.29-08.55.00:316][  0]LogPakFile: PakFile FullDirectoryIndexSize=142
[2023.04.29-08.55.00:316][  0]LogShaderLibrary: Display: ShaderCodeLibraryPakFileMountedCallback: PakFile 'C:/Program Files/Epic Games/UE_4.27/FeaturePacks/TP_FlyingBP.upack' (chunk index -1, root 'root:/') mounted
[2023.04.29-08.55.00:316][  0]LogShaderLibrary: Display: ShaderCodeLibraryPakFileMountedCallback: pending pak file info (ChunkID:-1 Root:root:/ File:C:/Program Files/Epic Games/UE_4.27/FeaturePacks/TP_FlyingBP.upack)
[2023.04.29-08.55.00:316][  0]LogPakFile: OnPakFileMounted2Time == 0.000022
[2023.04.29-08.55.00:317][  0]LogPakFile: PakFile PrimaryIndexSize=188
[2023.04.29-08.55.00:317][  0]LogPakFile: PakFile PathHashIndexSize=101
[2023.04.29-08.55.00:317][  0]LogPakFile: PakFile FullDirectoryIndexSize=150
[2023.04.29-08.55.00:317][  0]LogShaderLibrary: Display: ShaderCodeLibraryPakFileMountedCallback: PakFile 'C:/Program Files/Epic Games/UE_4.27/FeaturePacks/TP_HandheldARBP.upack' (chunk index -1, root 'root:/') mounted
[2023.04.29-08.55.00:317][  0]LogShaderLibrary: Display: ShaderCodeLibraryPakFileMountedCallback: pending pak file info (ChunkID:-1 Root:root:/ File:C:/Program Files/Epic Games/UE_4.27/FeaturePacks/TP_HandheldARBP.upack)
[2023.04.29-08.55.00:317][  0]LogPakFile: OnPakFileMounted2Time == 0.000022
[2023.04.29-08.55.00:317][  0]LogPakFile: PakFile PrimaryIndexSize=182
[2023.04.29-08.55.00:317][  0]LogPakFile: PakFile PathHashIndexSize=101
[2023.04.29-08.55.00:317][  0]LogPakFile: PakFile FullDirectoryIndexSize=138
[2023.04.29-08.55.00:317][  0]LogShaderLibrary: Display: ShaderCodeLibraryPakFileMountedCallback: PakFile 'C:/Program Files/Epic Games/UE_4.27/FeaturePacks/TP_Puzzle.upack' (chunk index -1, root 'root:/') mounted
[2023.04.29-08.55.00:317][  0]LogShaderLibrary: Display: ShaderCodeLibraryPakFileMountedCallback: pending pak file info (ChunkID:-1 Root:root:/ File:C:/Program Files/Epic Games/UE_4.27/FeaturePacks/TP_Puzzle.upack)
[2023.04.29-08.55.00:317][  0]LogPakFile: OnPakFileMounted2Time == 0.000022
[2023.04.29-08.55.00:318][  0]LogPakFile: PakFile PrimaryIndexSize=184
[2023.04.29-08.55.00:318][  0]LogPakFile: PakFile PathHashIndexSize=101
[2023.04.29-08.55.00:318][  0]LogPakFile: PakFile FullDirectoryIndexSize=142
[2023.04.29-08.55.00:318][  0]LogShaderLibrary: Display: ShaderCodeLibraryPakFileMountedCallback: PakFile 'C:/Program Files/Epic Games/UE_4.27/FeaturePacks/TP_PuzzleBP.upack' (chunk index -1, root 'root:/') mounted
[2023.04.29-08.55.00:318][  0]LogShaderLibrary: Display: ShaderCodeLibraryPakFileMountedCallback: pending pak file info (ChunkID:-1 Root:root:/ File:C:/Program Files/Epic Games/UE_4.27/FeaturePacks/TP_PuzzleBP.upack)
[2023.04.29-08.55.00:318][  0]LogPakFile: OnPakFileMounted2Time == 0.000020
[2023.04.29-08.55.00:318][  0]LogPakFile: PakFile PrimaryIndexSize=183
[2023.04.29-08.55.00:318][  0]LogPakFile: PakFile PathHashIndexSize=101
[2023.04.29-08.55.00:318][  0]LogPakFile: PakFile FullDirectoryIndexSize=140
[2023.04.29-08.55.00:318][  0]LogShaderLibrary: Display: ShaderCodeLibraryPakFileMountedCallback: PakFile 'C:/Program Files/Epic Games/UE_4.27/FeaturePacks/TP_Rolling.upack' (chunk index -1, root 'root:/') mounted
[2023.04.29-08.55.00:318][  0]LogShaderLibrary: Display: ShaderCodeLibraryPakFileMountedCallback: pending pak file info (ChunkID:-1 Root:root:/ File:C:/Program Files/Epic Games/UE_4.27/FeaturePacks/TP_Rolling.upack)
[2023.04.29-08.55.00:318][  0]LogPakFile: OnPakFileMounted2Time == 0.000023
[2023.04.29-08.55.00:318][  0]LogPakFile: PakFile PrimaryIndexSize=185
[2023.04.29-08.55.00:318][  0]LogPakFile: PakFile PathHashIndexSize=101
[2023.04.29-08.55.00:318][  0]LogPakFile: PakFile FullDirectoryIndexSize=144
[2023.04.29-08.55.00:318][  0]LogShaderLibrary: Display: ShaderCodeLibraryPakFileMountedCallback: PakFile 'C:/Program Files/Epic Games/UE_4.27/FeaturePacks/TP_RollingBP.upack' (chunk index -1, root 'root:/') mounted
[2023.04.29-08.55.00:318][  0]LogShaderLibrary: Display: ShaderCodeLibraryPakFileMountedCallback: pending pak file info (ChunkID:-1 Root:root:/ File:C:/Program Files/Epic Games/UE_4.27/FeaturePacks/TP_RollingBP.upack)
[2023.04.29-08.55.00:318][  0]LogPakFile: OnPakFileMounted2Time == 0.000025
[2023.04.29-08.55.00:319][  0]LogPakFile: PakFile PrimaryIndexSize=188
[2023.04.29-08.55.00:319][  0]LogPakFile: PakFile PathHashIndexSize=101
[2023.04.29-08.55.00:319][  0]LogPakFile: PakFile FullDirectoryIndexSize=150
[2023.04.29-08.55.00:319][  0]LogShaderLibrary: Display: ShaderCodeLibraryPakFileMountedCallback: PakFile 'C:/Program Files/Epic Games/UE_4.27/FeaturePacks/TP_SideScroller.upack' (chunk index -1, root 'root:/') mounted
[2023.04.29-08.55.00:319][  0]LogShaderLibrary: Display: ShaderCodeLibraryPakFileMountedCallback: pending pak file info (ChunkID:-1 Root:root:/ File:C:/Program Files/Epic Games/UE_4.27/FeaturePacks/TP_SideScroller.upack)
[2023.04.29-08.55.00:319][  0]LogPakFile: OnPakFileMounted2Time == 0.000021
[2023.04.29-08.55.00:319][  0]LogPakFile: PakFile PrimaryIndexSize=190
[2023.04.29-08.55.00:319][  0]LogPakFile: PakFile PathHashIndexSize=101
[2023.04.29-08.55.00:319][  0]LogPakFile: PakFile FullDirectoryIndexSize=154
[2023.04.29-08.55.00:319][  0]LogShaderLibrary: Display: ShaderCodeLibraryPakFileMountedCallback: PakFile 'C:/Program Files/Epic Games/UE_4.27/FeaturePacks/TP_SideScrollerBP.upack' (chunk index -1, root 'root:/') mounted
[2023.04.29-08.55.00:319][  0]LogShaderLibrary: Display: ShaderCodeLibraryPakFileMountedCallback: pending pak file info (ChunkID:-1 Root:root:/ File:C:/Program Files/Epic Games/UE_4.27/FeaturePacks/TP_SideScrollerBP.upack)
[2023.04.29-08.55.00:319][  0]LogPakFile: OnPakFileMounted2Time == 0.000022
[2023.04.29-08.55.00:319][  0]LogPakFile: PakFile PrimaryIndexSize=187
[2023.04.29-08.55.00:319][  0]LogPakFile: PakFile PathHashIndexSize=101
[2023.04.29-08.55.00:319][  0]LogPakFile: PakFile FullDirectoryIndexSize=148
[2023.04.29-08.55.00:319][  0]LogShaderLibrary: Display: ShaderCodeLibraryPakFileMountedCallback: PakFile 'C:/Program Files/Epic Games/UE_4.27/FeaturePacks/TP_ThirdPerson.upack' (chunk index -1, root 'root:/') mounted
[2023.04.29-08.55.00:319][  0]LogShaderLibrary: Display: ShaderCodeLibraryPakFileMountedCallback: pending pak file info (ChunkID:-1 Root:root:/ File:C:/Program Files/Epic Games/UE_4.27/FeaturePacks/TP_ThirdPerson.upack)
[2023.04.29-08.55.00:319][  0]LogPakFile: OnPakFileMounted2Time == 0.000020
[2023.04.29-08.55.00:320][  0]LogPakFile: PakFile PrimaryIndexSize=189
[2023.04.29-08.55.00:320][  0]LogPakFile: PakFile PathHashIndexSize=101
[2023.04.29-08.55.00:320][  0]LogPakFile: PakFile FullDirectoryIndexSize=152
[2023.04.29-08.55.00:320][  0]LogShaderLibrary: Display: ShaderCodeLibraryPakFileMountedCallback: PakFile 'C:/Program Files/Epic Games/UE_4.27/FeaturePacks/TP_ThirdPersonBP.upack' (chunk index -1, root 'root:/') mounted
[2023.04.29-08.55.00:320][  0]LogShaderLibrary: Display: ShaderCodeLibraryPakFileMountedCallback: pending pak file info (ChunkID:-1 Root:root:/ File:C:/Program Files/Epic Games/UE_4.27/FeaturePacks/TP_ThirdPersonBP.upack)
[2023.04.29-08.55.00:320][  0]LogPakFile: OnPakFileMounted2Time == 0.000021
[2023.04.29-08.55.00:320][  0]LogPakFile: PakFile PrimaryIndexSize=183
[2023.04.29-08.55.00:320][  0]LogPakFile: PakFile PathHashIndexSize=101
[2023.04.29-08.55.00:320][  0]LogPakFile: PakFile FullDirectoryIndexSize=140
[2023.04.29-08.55.00:320][  0]LogShaderLibrary: Display: ShaderCodeLibraryPakFileMountedCallback: PakFile 'C:/Program Files/Epic Games/UE_4.27/FeaturePacks/TP_TopDown.upack' (chunk index -1, root 'root:/') mounted
[2023.04.29-08.55.00:320][  0]LogShaderLibrary: Display: ShaderCodeLibraryPakFileMountedCallback: pending pak file info (ChunkID:-1 Root:root:/ File:C:/Program Files/Epic Games/UE_4.27/FeaturePacks/TP_TopDown.upack)
[2023.04.29-08.55.00:320][  0]LogPakFile: OnPakFileMounted2Time == 0.000027
[2023.04.29-08.55.00:320][  0]LogPakFile: PakFile PrimaryIndexSize=185
[2023.04.29-08.55.00:320][  0]LogPakFile: PakFile PathHashIndexSize=101
[2023.04.29-08.55.00:320][  0]LogPakFile: PakFile FullDirectoryIndexSize=144
[2023.04.29-08.55.00:320][  0]LogShaderLibrary: Display: ShaderCodeLibraryPakFileMountedCallback: PakFile 'C:/Program Files/Epic Games/UE_4.27/FeaturePacks/TP_TopDownBP.upack' (chunk index -1, root 'root:/') mounted
[2023.04.29-08.55.00:320][  0]LogShaderLibrary: Display: ShaderCodeLibraryPakFileMountedCallback: pending pak file info (ChunkID:-1 Root:root:/ File:C:/Program Files/Epic Games/UE_4.27/FeaturePacks/TP_TopDownBP.upack)
[2023.04.29-08.55.00:320][  0]LogPakFile: OnPakFileMounted2Time == 0.000022
[2023.04.29-08.55.00:321][  0]LogPakFile: PakFile PrimaryIndexSize=185
[2023.04.29-08.55.00:321][  0]LogPakFile: PakFile PathHashIndexSize=101
[2023.04.29-08.55.00:321][  0]LogPakFile: PakFile FullDirectoryIndexSize=144
[2023.04.29-08.55.00:321][  0]LogShaderLibrary: Display: ShaderCodeLibraryPakFileMountedCallback: PakFile 'C:/Program Files/Epic Games/UE_4.27/FeaturePacks/TP_TwinStick.upack' (chunk index -1, root 'root:/') mounted
[2023.04.29-08.55.00:321][  0]LogShaderLibrary: Display: ShaderCodeLibraryPakFileMountedCallback: pending pak file info (ChunkID:-1 Root:root:/ File:C:/Program Files/Epic Games/UE_4.27/FeaturePacks/TP_TwinStick.upack)
[2023.04.29-08.55.00:321][  0]LogPakFile: OnPakFileMounted2Time == 0.000021
[2023.04.29-08.55.00:321][  0]LogPakFile: PakFile PrimaryIndexSize=187
[2023.04.29-08.55.00:321][  0]LogPakFile: PakFile PathHashIndexSize=101
[2023.04.29-08.55.00:321][  0]LogPakFile: PakFile FullDirectoryIndexSize=148
[2023.04.29-08.55.00:321][  0]LogShaderLibrary: Display: ShaderCodeLibraryPakFileMountedCallback: PakFile 'C:/Program Files/Epic Games/UE_4.27/FeaturePacks/TP_TwinStickBP.upack' (chunk index -1, root 'root:/') mounted
[2023.04.29-08.55.00:321][  0]LogShaderLibrary: Display: ShaderCodeLibraryPakFileMountedCallback: pending pak file info (ChunkID:-1 Root:root:/ File:C:/Program Files/Epic Games/UE_4.27/FeaturePacks/TP_TwinStickBP.upack)
[2023.04.29-08.55.00:321][  0]LogPakFile: OnPakFileMounted2Time == 0.000022
[2023.04.29-08.55.00:321][  0]LogPakFile: PakFile PrimaryIndexSize=183
[2023.04.29-08.55.00:321][  0]LogPakFile: PakFile PathHashIndexSize=101
[2023.04.29-08.55.00:321][  0]LogPakFile: PakFile FullDirectoryIndexSize=140
[2023.04.29-08.55.00:321][  0]LogShaderLibrary: Display: ShaderCodeLibraryPakFileMountedCallback: PakFile 'C:/Program Files/Epic Games/UE_4.27/FeaturePacks/TP_Vehicle.upack' (chunk index -1, root 'root:/') mounted
[2023.04.29-08.55.00:321][  0]LogShaderLibrary: Display: ShaderCodeLibraryPakFileMountedCallback: pending pak file info (ChunkID:-1 Root:root:/ File:C:/Program Files/Epic Games/UE_4.27/FeaturePacks/TP_Vehicle.upack)
[2023.04.29-08.55.00:321][  0]LogPakFile: OnPakFileMounted2Time == 0.000021
[2023.04.29-08.55.00:322][  0]LogPakFile: PakFile PrimaryIndexSize=186
[2023.04.29-08.55.00:322][  0]LogPakFile: PakFile PathHashIndexSize=101
[2023.04.29-08.55.00:322][  0]LogPakFile: PakFile FullDirectoryIndexSize=146
[2023.04.29-08.55.00:322][  0]LogShaderLibrary: Display: ShaderCodeLibraryPakFileMountedCallback: PakFile 'C:/Program Files/Epic Games/UE_4.27/FeaturePacks/TP_VehicleAdv.upack' (chunk index -1, root 'root:/') mounted
[2023.04.29-08.55.00:322][  0]LogShaderLibrary: Display: ShaderCodeLibraryPakFileMountedCallback: pending pak file info (ChunkID:-1 Root:root:/ File:C:/Program Files/Epic Games/UE_4.27/FeaturePacks/TP_VehicleAdv.upack)
[2023.04.29-08.55.00:322][  0]LogPakFile: OnPakFileMounted2Time == 0.000023
[2023.04.29-08.55.00:322][  0]LogPakFile: PakFile PrimaryIndexSize=188
[2023.04.29-08.55.00:322][  0]LogPakFile: PakFile PathHashIndexSize=101
[2023.04.29-08.55.00:322][  0]LogPakFile: PakFile FullDirectoryIndexSize=150
[2023.04.29-08.55.00:322][  0]LogShaderLibrary: Display: ShaderCodeLibraryPakFileMountedCallback: PakFile 'C:/Program Files/Epic Games/UE_4.27/FeaturePacks/TP_VehicleAdvBP.upack' (chunk index -1, root 'root:/') mounted
[2023.04.29-08.55.00:322][  0]LogShaderLibrary: Display: ShaderCodeLibraryPakFileMountedCallback: pending pak file info (ChunkID:-1 Root:root:/ File:C:/Program Files/Epic Games/UE_4.27/FeaturePacks/TP_VehicleAdvBP.upack)
[2023.04.29-08.55.00:322][  0]LogPakFile: OnPakFileMounted2Time == 0.000022
[2023.04.29-08.55.00:322][  0]LogPakFile: PakFile PrimaryIndexSize=185
[2023.04.29-08.55.00:322][  0]LogPakFile: PakFile PathHashIndexSize=101
[2023.04.29-08.55.00:322][  0]LogPakFile: PakFile FullDirectoryIndexSize=144
[2023.04.29-08.55.00:322][  0]LogShaderLibrary: Display: ShaderCodeLibraryPakFileMountedCallback: PakFile 'C:/Program Files/Epic Games/UE_4.27/FeaturePacks/TP_VehicleBP.upack' (chunk index -1, root 'root:/') mounted
[2023.04.29-08.55.00:322][  0]LogShaderLibrary: Display: ShaderCodeLibraryPakFileMountedCallback: pending pak file info (ChunkID:-1 Root:root:/ File:C:/Program Files/Epic Games/UE_4.27/FeaturePacks/TP_VehicleBP.upack)
[2023.04.29-08.55.00:322][  0]LogPakFile: OnPakFileMounted2Time == 0.000021
[2023.04.29-08.55.00:323][  0]LogPakFile: PakFile PrimaryIndexSize=192
[2023.04.29-08.55.00:323][  0]LogPakFile: PakFile PathHashIndexSize=101
[2023.04.29-08.55.00:323][  0]LogPakFile: PakFile FullDirectoryIndexSize=158
[2023.04.29-08.55.00:323][  0]LogShaderLibrary: Display: ShaderCodeLibraryPakFileMountedCallback: PakFile 'C:/Program Files/Epic Games/UE_4.27/FeaturePacks/TP_VirtualRealityBP.upack' (chunk index -1, root 'root:/') mounted
[2023.04.29-08.55.00:323][  0]LogShaderLibrary: Display: ShaderCodeLibraryPakFileMountedCallback: pending pak file info (ChunkID:-1 Root:root:/ File:C:/Program Files/Epic Games/UE_4.27/FeaturePacks/TP_VirtualRealityBP.upack)
[2023.04.29-08.55.00:323][  0]LogPakFile: OnPakFileMounted2Time == 0.000022
[2023.04.29-08.55.00:356][  0]LogNativeClassHierarchy: Verbose: Native class hierarchy updated for 'AddContentDialog' in 0.0003 seconds. Added 0 classes and 0 folders.
[2023.04.29-08.55.00:358][  0]LogNativeClassHierarchy: Verbose: Native class hierarchy updated for 'SceneOutliner' in 0.0002 seconds. Added 2 classes and 0 folders.
[2023.04.29-08.55.00:425][  0]LogSlate: Took 0.000131 seconds to synchronously load lazily loaded font '../../../Engine/Content/Slate/Fonts/Roboto-Regular.ttf' (155K)
[2023.04.29-08.55.00:426][  0]LogSlate: Took 0.000152 seconds to synchronously load lazily loaded font '../../../Engine/Content/Editor/Slate/Fonts/FontAwesome.ttf' (139K)
[2023.04.29-08.55.00:429][  0]LogSlate: Took 0.000158 seconds to synchronously load lazily loaded font '../../../Engine/Content/Slate/Fonts/Roboto-Bold.ttf' (160K)
[2023.04.29-08.55.00:507][  0]LogRenderer: Reallocating scene render targets to support 852x400 Format 10 NumSamples 1 (Frame:1).
[2023.04.29-08.55.00:609][  0]LogNativeClassHierarchy: Verbose: Native class hierarchy updated for 'HierarchicalLODOutliner' in 0.0003 seconds. Added 0 classes and 0 folders.
[2023.04.29-08.55.00:609][  0]LogLoad: (Engine Initialization) Total time: 6.97 seconds
[2023.04.29-08.55.00:609][  0]LogLoad: (Engine Initialization) Total Blueprint compile time: 0.00 seconds
[2023.04.29-08.55.00:658][  0]LogAssetRegistry: Asset discovery search completed in 4.1303 seconds
[2023.04.29-08.55.00:663][  0]LogCollectionManager: Fixed up redirectors for 0 collections in 0.000003 seconds (updated 0 objects)
[2023.04.29-08.55.00:665][  0]LogContentStreaming: Texture pool size now 1000 MB
[2023.04.29-08.55.00:700][  1]LogRenderer: Reallocating scene render targets to support 852x412 Format 10 NumSamples 1 (Frame:3).
[2023.04.29-08.55.00:794][  3]LogSlate: Took 0.000228 seconds to synchronously load lazily loaded font '../../../Engine/Content/Slate/Fonts/Roboto-Light.ttf' (167K)
[2023.04.29-08.55.01:629][ 92]LogSlate: Took 0.000237 seconds to synchronously load lazily loaded font '../../../Engine/Content/Slate/Fonts/Roboto-Light.ttf' (167K)
[2023.04.29-08.55.03:474][272]LogAssetEditorSubsystem: Opening Asset editor for Blueprint /Game/blueprints/Actors/volumes/BPwinvolume.BPwinvolume
[2023.04.29-08.55.03:648][272]LogNativeClassHierarchy: Verbose: Native class hierarchy updated for 'BlueprintGraph' in 0.0004 seconds. Added 126 classes and 0 folders.
[2023.04.29-08.55.04:316][272]LogAssetEditorSubsystem: Opening Asset editor for Blueprint /Game/blueprints/Actors/collectables/BP_Crystal.BP_Crystal
[2023.04.29-08.55.04:602][272]LogAssetEditorSubsystem: Opening Asset editor for Blueprint /Game/blueprints/Actors/leveltriggers/falldamage.falldamage
[2023.04.29-08.55.04:891][272]LogAssetEditorSubsystem: Opening Asset editor for Blueprint /Game/blueprints/Actors/Meshes/BP_Canon01.BP_Canon01
[2023.04.29-08.55.05:169][272]LogAssetEditorSubsystem: Opening Asset editor for Blueprint /Game/blueprints/Actors/pawns/BP_PlayerPawn2.BP_PlayerPawn2
[2023.04.29-08.55.05:466][272]LogAssetEditorSubsystem: Opening Asset editor for Blueprint /Game/blueprints/Actors/BP-projecttile02.BP-projecttile02
[2023.04.29-08.55.05:755][272]LogAssetEditorSubsystem: Opening Asset editor for Blueprint /Game/blueprints/Actors/Meshes/BPkolec.BPkolec
[2023.04.29-08.55.06:042][272]LogAssetEditorSubsystem: Opening Asset editor for Blueprint /Game/blueprints/Actors/pawns/BP_PlayerPawn3.BP_PlayerPawn3
[2023.04.29-08.55.06:348][272]LogSlate: Took 0.000225 seconds to synchronously load lazily loaded font '../../../Engine/Content/Slate/Fonts/Roboto-BoldCondensed.ttf' (158K)
[2023.04.29-08.55.06:381][273]LogSlate: Took 0.000180 seconds to synchronously load lazily loaded font '../../../Engine/Content/Slate/Fonts/Roboto-Italic.ttf' (157K)
[2023.04.29-08.55.12:790][905]LogSlate: Only BGRA pngs, bmps or icos are supported in by External Image Picker
[2023.04.29-08.57.32:927][845]LogSlate: Window 'Message' being destroyed
[2023.04.29-08.57.32:938][845]Message dialog closed, result: Cancel, title: Message, text: FilenameToLongPackageName failed to convert '../../../../../../ballrunner/mainLevel.umap'. Attempt result was '../../../../../../ballrunner/mainLevel', but the path contains illegal characters '.'
[2023.04.29-09.00.25:380][547]LogSlate: Window 'Message' being destroyed
[2023.04.29-09.00.25:387][547]Message dialog closed, result: Cancel, title: Message, text: FilenameToLongPackageName failed to convert '../../../../../../Users/emili/Desktop/Programowanie/UE4/EmiliaNatkaniec_2/Content/levels/mainLevel .umap'. Attempt result was '../../../../../../Users/emili/Desktop/Programowanie/UE4/EmiliaNatkaniec_2/Content/levels/mainLevel ', but the path contains illegal characters '.'
[2023.04.29-09.00.44:384][365]LogSlate: Window 'Project Settings' being destroyed
[2023.04.29-09.00.44:395][365]LogSlate: Window 'Project Settings' being destroyed
